{"C:\\Users\\DÉVELOPPEUR\\.cursor\\Aro\\Arosaje\\App\\app\\index.tsx": {"path":"C:\\Users\\DÉVELOPPEUR\\.cursor\\Aro\\Arosaje\\App\\app\\index.tsx","statementMap":{"0":{"start":{"line":9,"column":36},"end":{"line":9,"column":48}},"1":{"start":{"line":11,"column":26},"end":{"line":17,"column":3}},"2":{"start":{"line":12,"column":4},"end":{"line":16,"column":5}},"3":{"start":{"line":13,"column":6},"end":{"line":13,"column":30}},"4":{"start":{"line":15,"column":6},"end":{"line":15,"column":23}},"5":{"start":{"line":19,"column":2},"end":{"line":60,"column":4}},"6":{"start":{"line":24,"column":66},"end":{"line":24,"column":100}},"7":{"start":{"line":31,"column":66},"end":{"line":31,"column":102}},"8":{"start":{"line":40,"column":65},"end":{"line":40,"column":97}},"9":{"start":{"line":41,"column":61},"end":{"line":41,"column":96}},"10":{"start":{"line":47,"column":67},"end":{"line":47,"column":99}},"11":{"start":{"line":48,"column":61},"end":{"line":48,"column":98}},"12":{"start":{"line":54,"column":57},"end":{"line":54,"column":89}},"13":{"start":{"line":55,"column":61},"end":{"line":55,"column":94}},"14":{"start":{"line":63,"column":15},"end":{"line":107,"column":2}}},"fnMap":{"0":{"name":"StartApp","decl":{"start":{"line":8,"column":24},"end":{"line":8,"column":32}},"loc":{"start":{"line":8,"column":35},"end":{"line":61,"column":1}},"line":8},"1":{"name":"(anonymous_1)","decl":{"start":{"line":11,"column":26},"end":{"line":11,"column":27}},"loc":{"start":{"line":11,"column":69},"end":{"line":17,"column":3}},"line":11},"2":{"name":"(anonymous_2)","decl":{"start":{"line":24,"column":60},"end":{"line":24,"column":61}},"loc":{"start":{"line":24,"column":66},"end":{"line":24,"column":100}},"line":24},"3":{"name":"(anonymous_3)","decl":{"start":{"line":31,"column":60},"end":{"line":31,"column":61}},"loc":{"start":{"line":31,"column":66},"end":{"line":31,"column":102}},"line":31},"4":{"name":"(anonymous_4)","decl":{"start":{"line":40,"column":44},"end":{"line":40,"column":45}},"loc":{"start":{"line":40,"column":65},"end":{"line":40,"column":97}},"line":40},"5":{"name":"(anonymous_5)","decl":{"start":{"line":41,"column":55},"end":{"line":41,"column":56}},"loc":{"start":{"line":41,"column":61},"end":{"line":41,"column":96}},"line":41},"6":{"name":"(anonymous_6)","decl":{"start":{"line":47,"column":46},"end":{"line":47,"column":47}},"loc":{"start":{"line":47,"column":67},"end":{"line":47,"column":99}},"line":47},"7":{"name":"(anonymous_7)","decl":{"start":{"line":48,"column":55},"end":{"line":48,"column":56}},"loc":{"start":{"line":48,"column":61},"end":{"line":48,"column":98}},"line":48},"8":{"name":"(anonymous_8)","decl":{"start":{"line":54,"column":36},"end":{"line":54,"column":37}},"loc":{"start":{"line":54,"column":57},"end":{"line":54,"column":89}},"line":54},"9":{"name":"(anonymous_9)","decl":{"start":{"line":55,"column":55},"end":{"line":55,"column":56}},"loc":{"start":{"line":55,"column":61},"end":{"line":55,"column":94}},"line":55}},"branchMap":{"0":{"loc":{"start":{"line":12,"column":4},"end":{"line":16,"column":5}},"type":"if","locations":[{"start":{"line":12,"column":4},"end":{"line":16,"column":5}},{"start":{"line":14,"column":11},"end":{"line":16,"column":5}}],"line":12}},"s":{"0":18,"1":18,"2":13,"3":8,"4":5,"5":18,"6":4,"7":2,"8":4,"9":1,"10":0,"11":1,"12":0,"13":1,"14":1},"f":{"0":18,"1":13,"2":4,"3":2,"4":4,"5":1,"6":0,"7":1,"8":0,"9":1},"b":{"0":[8,5]},"_coverageSchema":"1a1c01bbd47fc00a2c39e90264f33305004495a9","hash":"26a29aab5b0907a0e76ef6ff0d58367968fe4b42"}
,"C:\\Users\\DÉVELOPPEUR\\.cursor\\Aro\\Arosaje\\App\\app\\(tabs)\\logout.tsx": {"path":"C:\\Users\\DÉVELOPPEUR\\.cursor\\Aro\\Arosaje\\App\\app\\(tabs)\\logout.tsx","statementMap":{"0":{"start":{"line":10,"column":24},"end":{"line":17,"column":3}},"1":{"start":{"line":11,"column":4},"end":{"line":16,"column":5}},"2":{"start":{"line":12,"column":6},"end":{"line":12,"column":53}},"3":{"start":{"line":14,"column":4},"end":{"line":14,"column":38}},"4":{"start":{"line":15,"column":4},"end":{"line":15,"column":25}},"5":{"start":{"line":18,"column":2},"end":{"line":31,"column":4}},"6":{"start":{"line":34,"column":15},"end":{"line":68,"column":2}}},"fnMap":{"0":{"name":"App","decl":{"start":{"line":8,"column":24},"end":{"line":8,"column":27}},"loc":{"start":{"line":8,"column":60},"end":{"line":32,"column":1}},"line":8},"1":{"name":"(anonymous_1)","decl":{"start":{"line":10,"column":24},"end":{"line":10,"column":25}},"loc":{"start":{"line":10,"column":30},"end":{"line":17,"column":3}},"line":10}},"branchMap":{"0":{"loc":{"start":{"line":11,"column":4},"end":{"line":16,"column":5}},"type":"if","locations":[{"start":{"line":11,"column":4},"end":{"line":16,"column":5}},{"start":{"line":13,"column":11},"end":{"line":16,"column":5}}],"line":11}},"s":{"0":6,"1":1,"2":0,"3":1,"4":1,"5":6,"6":2},"f":{"0":6,"1":1},"b":{"0":[0,1]},"_coverageSchema":"1a1c01bbd47fc00a2c39e90264f33305004495a9","hash":"89decf10f904d18078c1f986ba89be2e594d77c2"}
,"C:\\Users\\DÉVELOPPEUR\\.cursor\\Aro\\Arosaje\\App\\app\\(tabs)\\options.tsx": {"path":"C:\\Users\\DÉVELOPPEUR\\.cursor\\Aro\\Arosaje\\App\\app\\(tabs)\\options.tsx","statementMap":{"0":{"start":{"line":22,"column":14},"end":{"line":22,"column":42}},"1":{"start":{"line":26,"column":2},"end":{"line":71,"column":4}},"2":{"start":{"line":75,"column":21},"end":{"line":75,"column":62}},"3":{"start":{"line":76,"column":36},"end":{"line":76,"column":48}},"4":{"start":{"line":78,"column":26},"end":{"line":84,"column":3}},"5":{"start":{"line":79,"column":4},"end":{"line":83,"column":5}},"6":{"start":{"line":80,"column":6},"end":{"line":80,"column":30}},"7":{"start":{"line":82,"column":6},"end":{"line":82,"column":23}},"8":{"start":{"line":86,"column":25},"end":{"line":91,"column":3}},"9":{"start":{"line":87,"column":22},"end":{"line":87,"column":61}},"10":{"start":{"line":88,"column":4},"end":{"line":90,"column":5}},"11":{"start":{"line":89,"column":6},"end":{"line":89,"column":36}},"12":{"start":{"line":93,"column":2},"end":{"line":99,"column":9}},"13":{"start":{"line":94,"column":24},"end":{"line":96,"column":6}},"14":{"start":{"line":95,"column":6},"end":{"line":95,"column":23}},"15":{"start":{"line":98,"column":4},"end":{"line":98,"column":23}},"16":{"start":{"line":101,"column":23},"end":{"line":108,"column":3}},"17":{"start":{"line":102,"column":4},"end":{"line":102,"column":47}},"18":{"start":{"line":103,"column":4},"end":{"line":103,"column":44}},"19":{"start":{"line":104,"column":4},"end":{"line":104,"column":42}},"20":{"start":{"line":105,"column":4},"end":{"line":105,"column":43}},"21":{"start":{"line":106,"column":4},"end":{"line":106,"column":46}},"22":{"start":{"line":107,"column":4},"end":{"line":107,"column":34}},"23":{"start":{"line":110,"column":2},"end":{"line":137,"column":4}},"24":{"start":{"line":113,"column":72},"end":{"line":113,"column":120}},"25":{"start":{"line":115,"column":65},"end":{"line":115,"column":106}},"26":{"start":{"line":117,"column":60},"end":{"line":117,"column":96}},"27":{"start":{"line":121,"column":56},"end":{"line":121,"column":88}},"28":{"start":{"line":123,"column":58},"end":{"line":123,"column":92}},"29":{"start":{"line":125,"column":67},"end":{"line":125,"column":110}},"30":{"start":{"line":134,"column":59},"end":{"line":134,"column":91}},"31":{"start":{"line":140,"column":15},"end":{"line":179,"column":2}}},"fnMap":{"0":{"name":"OptionsScreen","decl":{"start":{"line":24,"column":9},"end":{"line":24,"column":22}},"loc":{"start":{"line":24,"column":28},"end":{"line":72,"column":1}},"line":24},"1":{"name":"OptionsContent","decl":{"start":{"line":74,"column":9},"end":{"line":74,"column":23}},"loc":{"start":{"line":74,"column":29},"end":{"line":138,"column":1}},"line":74},"2":{"name":"(anonymous_2)","decl":{"start":{"line":78,"column":26},"end":{"line":78,"column":27}},"loc":{"start":{"line":78,"column":69},"end":{"line":84,"column":3}},"line":78},"3":{"name":"(anonymous_3)","decl":{"start":{"line":86,"column":25},"end":{"line":86,"column":26}},"loc":{"start":{"line":86,"column":37},"end":{"line":91,"column":3}},"line":86},"4":{"name":"(anonymous_4)","decl":{"start":{"line":93,"column":12},"end":{"line":93,"column":13}},"loc":{"start":{"line":93,"column":18},"end":{"line":99,"column":3}},"line":93},"5":{"name":"(anonymous_5)","decl":{"start":{"line":94,"column":56},"end":{"line":94,"column":57}},"loc":{"start":{"line":94,"column":62},"end":{"line":96,"column":5}},"line":94},"6":{"name":"(anonymous_6)","decl":{"start":{"line":101,"column":23},"end":{"line":101,"column":24}},"loc":{"start":{"line":101,"column":35},"end":{"line":108,"column":3}},"line":101},"7":{"name":"(anonymous_7)","decl":{"start":{"line":113,"column":66},"end":{"line":113,"column":67}},"loc":{"start":{"line":113,"column":72},"end":{"line":113,"column":120}},"line":113},"8":{"name":"(anonymous_8)","decl":{"start":{"line":115,"column":59},"end":{"line":115,"column":60}},"loc":{"start":{"line":115,"column":65},"end":{"line":115,"column":106}},"line":115},"9":{"name":"(anonymous_9)","decl":{"start":{"line":117,"column":54},"end":{"line":117,"column":55}},"loc":{"start":{"line":117,"column":60},"end":{"line":117,"column":96}},"line":117},"10":{"name":"(anonymous_10)","decl":{"start":{"line":121,"column":50},"end":{"line":121,"column":51}},"loc":{"start":{"line":121,"column":56},"end":{"line":121,"column":88}},"line":121},"11":{"name":"(anonymous_11)","decl":{"start":{"line":123,"column":52},"end":{"line":123,"column":53}},"loc":{"start":{"line":123,"column":58},"end":{"line":123,"column":92}},"line":123},"12":{"name":"(anonymous_12)","decl":{"start":{"line":125,"column":61},"end":{"line":125,"column":62}},"loc":{"start":{"line":125,"column":67},"end":{"line":125,"column":110}},"line":125},"13":{"name":"(anonymous_13)","decl":{"start":{"line":134,"column":38},"end":{"line":134,"column":39}},"loc":{"start":{"line":134,"column":59},"end":{"line":134,"column":91}},"line":134}},"branchMap":{"0":{"loc":{"start":{"line":79,"column":4},"end":{"line":83,"column":5}},"type":"if","locations":[{"start":{"line":79,"column":4},"end":{"line":83,"column":5}},{"start":{"line":81,"column":11},"end":{"line":83,"column":5}}],"line":79},"1":{"loc":{"start":{"line":88,"column":4},"end":{"line":90,"column":5}},"type":"if","locations":[{"start":{"line":88,"column":4},"end":{"line":90,"column":5}},{"start":{},"end":{}}],"line":88}},"s":{"0":1,"1":4,"2":8,"3":8,"4":8,"5":6,"6":6,"7":0,"8":8,"9":4,"10":4,"11":4,"12":8,"13":4,"14":4,"15":4,"16":8,"17":2,"18":2,"19":2,"20":2,"21":2,"22":2,"23":8,"24":1,"25":0,"26":0,"27":0,"28":0,"29":0,"30":0,"31":1},"f":{"0":4,"1":8,"2":6,"3":4,"4":4,"5":4,"6":2,"7":1,"8":0,"9":0,"10":0,"11":0,"12":0,"13":0},"b":{"0":[6,0],"1":[4,0]},"_coverageSchema":"1a1c01bbd47fc00a2c39e90264f33305004495a9","hash":"ee2277b434d313737dc7552a991313a3d15ec3ef"}
,"C:\\Users\\DÉVELOPPEUR\\.cursor\\Aro\\Arosaje\\App\\app\\(tabs)\\publier.tsx": {"path":"C:\\Users\\DÉVELOPPEUR\\.cursor\\Aro\\Arosaje\\App\\app\\(tabs)\\publier.tsx","statementMap":{"0":{"start":{"line":19,"column":14},"end":{"line":19,"column":42}},"1":{"start":{"line":55,"column":2},"end":{"line":100,"column":4}},"2":{"start":{"line":104,"column":21},"end":{"line":104,"column":65}},"3":{"start":{"line":105,"column":16},"end":{"line":105,"column":50}},"4":{"start":{"line":106,"column":32},"end":{"line":106,"column":47}},"5":{"start":{"line":107,"column":28},"end":{"line":107,"column":40}},"6":{"start":{"line":108,"column":52},"end":{"line":108,"column":64}},"7":{"start":{"line":109,"column":48},"end":{"line":109,"column":60}},"8":{"start":{"line":110,"column":40},"end":{"line":110,"column":52}},"9":{"start":{"line":111,"column":38},"end":{"line":111,"column":53}},"10":{"start":{"line":112,"column":36},"end":{"line":112,"column":51}},"11":{"start":{"line":113,"column":36},"end":{"line":113,"column":51}},"12":{"start":{"line":114,"column":34},"end":{"line":114,"column":49}},"13":{"start":{"line":115,"column":42},"end":{"line":115,"column":54}},"14":{"start":{"line":116,"column":34},"end":{"line":116,"column":46}},"15":{"start":{"line":117,"column":34},"end":{"line":117,"column":49}},"16":{"start":{"line":118,"column":30},"end":{"line":118,"column":42}},"17":{"start":{"line":119,"column":38},"end":{"line":119,"column":53}},"18":{"start":{"line":120,"column":34},"end":{"line":120,"column":49}},"19":{"start":{"line":121,"column":36},"end":{"line":121,"column":48}},"20":{"start":{"line":122,"column":28},"end":{"line":122,"column":40}},"21":{"start":{"line":123,"column":34},"end":{"line":123,"column":46}},"22":{"start":{"line":125,"column":42},"end":{"line":125,"column":57}},"23":{"start":{"line":126,"column":36},"end":{"line":126,"column":51}},"24":{"start":{"line":128,"column":17},"end":{"line":128,"column":47}},"25":{"start":{"line":130,"column":20},"end":{"line":143,"column":3}},"26":{"start":{"line":131,"column":4},"end":{"line":142,"column":6}},"27":{"start":{"line":135,"column":38},"end":{"line":135,"column":49}},"28":{"start":{"line":146,"column":21},"end":{"line":197,"column":3}},"29":{"start":{"line":147,"column":4},"end":{"line":147,"column":26}},"30":{"start":{"line":147,"column":19},"end":{"line":147,"column":26}},"31":{"start":{"line":148,"column":4},"end":{"line":148,"column":23}},"32":{"start":{"line":150,"column":4},"end":{"line":196,"column":5}},"33":{"start":{"line":151,"column":24},"end":{"line":151,"column":63}},"34":{"start":{"line":152,"column":6},"end":{"line":155,"column":7}},"35":{"start":{"line":153,"column":8},"end":{"line":153,"column":60}},"36":{"start":{"line":154,"column":8},"end":{"line":154,"column":15}},"37":{"start":{"line":157,"column":23},"end":{"line":157,"column":37}},"38":{"start":{"line":158,"column":6},"end":{"line":158,"column":38}},"39":{"start":{"line":159,"column":6},"end":{"line":159,"column":50}},"40":{"start":{"line":160,"column":6},"end":{"line":160,"column":63}},"41":{"start":{"line":161,"column":6},"end":{"line":161,"column":54}},"42":{"start":{"line":162,"column":6},"end":{"line":162,"column":50}},"43":{"start":{"line":163,"column":6},"end":{"line":163,"column":47}},"44":{"start":{"line":164,"column":6},"end":{"line":164,"column":44}},"45":{"start":{"line":165,"column":6},"end":{"line":165,"column":54}},"46":{"start":{"line":166,"column":6},"end":{"line":166,"column":57}},"47":{"start":{"line":167,"column":6},"end":{"line":167,"column":45}},"48":{"start":{"line":168,"column":6},"end":{"line":168,"column":54}},"49":{"start":{"line":169,"column":6},"end":{"line":169,"column":47}},"50":{"start":{"line":170,"column":6},"end":{"line":174,"column":28}},"51":{"start":{"line":176,"column":23},"end":{"line":183,"column":8}},"52":{"start":{"line":184,"column":6},"end":{"line":184,"column":27}},"53":{"start":{"line":185,"column":6},"end":{"line":191,"column":7}},"54":{"start":{"line":186,"column":8},"end":{"line":186,"column":66}},"55":{"start":{"line":187,"column":8},"end":{"line":187,"column":31}},"56":{"start":{"line":188,"column":8},"end":{"line":188,"column":20}},"57":{"start":{"line":190,"column":8},"end":{"line":190,"column":82}},"58":{"start":{"line":193,"column":6},"end":{"line":193,"column":80}},"59":{"start":{"line":195,"column":6},"end":{"line":195,"column":26}},"60":{"start":{"line":199,"column":20},"end":{"line":238,"column":3}},"61":{"start":{"line":200,"column":4},"end":{"line":200,"column":17}},"62":{"start":{"line":201,"column":4},"end":{"line":201,"column":43}},"63":{"start":{"line":202,"column":4},"end":{"line":202,"column":48}},"64":{"start":{"line":203,"column":4},"end":{"line":203,"column":48}},"65":{"start":{"line":204,"column":4},"end":{"line":204,"column":23}},"66":{"start":{"line":205,"column":4},"end":{"line":205,"column":49}},"67":{"start":{"line":206,"column":4},"end":{"line":206,"column":47}},"68":{"start":{"line":207,"column":4},"end":{"line":207,"column":54}},"69":{"start":{"line":208,"column":4},"end":{"line":208,"column":29}},"70":{"start":{"line":209,"column":4},"end":{"line":209,"column":55}},"71":{"start":{"line":210,"column":4},"end":{"line":210,"column":47}},"72":{"start":{"line":211,"column":4},"end":{"line":211,"column":27}},"73":{"start":{"line":212,"column":4},"end":{"line":212,"column":53}},"74":{"start":{"line":213,"column":4},"end":{"line":213,"column":24}},"75":{"start":{"line":214,"column":4},"end":{"line":214,"column":20}},"76":{"start":{"line":215,"column":4},"end":{"line":215,"column":50}},"77":{"start":{"line":216,"column":4},"end":{"line":216,"column":46}},"78":{"start":{"line":217,"column":4},"end":{"line":217,"column":46}},"79":{"start":{"line":218,"column":4},"end":{"line":218,"column":55}},"80":{"start":{"line":219,"column":4},"end":{"line":219,"column":51}},"81":{"start":{"line":220,"column":4},"end":{"line":220,"column":18}},"82":{"start":{"line":221,"column":4},"end":{"line":221,"column":44}},"83":{"start":{"line":222,"column":4},"end":{"line":222,"column":46}},"84":{"start":{"line":223,"column":4},"end":{"line":223,"column":21}},"85":{"start":{"line":224,"column":4},"end":{"line":224,"column":47}},"86":{"start":{"line":225,"column":4},"end":{"line":225,"column":17}},"87":{"start":{"line":226,"column":4},"end":{"line":226,"column":18}},"88":{"start":{"line":227,"column":4},"end":{"line":227,"column":43}},"89":{"start":{"line":228,"column":4},"end":{"line":228,"column":44}},"90":{"start":{"line":229,"column":4},"end":{"line":229,"column":48}},"91":{"start":{"line":230,"column":4},"end":{"line":230,"column":25}},"92":{"start":{"line":231,"column":4},"end":{"line":231,"column":24}},"93":{"start":{"line":232,"column":4},"end":{"line":232,"column":24}},"94":{"start":{"line":233,"column":4},"end":{"line":233,"column":23}},"95":{"start":{"line":234,"column":4},"end":{"line":234,"column":23}},"96":{"start":{"line":235,"column":4},"end":{"line":235,"column":25}},"97":{"start":{"line":236,"column":4},"end":{"line":236,"column":23}},"98":{"start":{"line":237,"column":4},"end":{"line":237,"column":22}},"99":{"start":{"line":240,"column":2},"end":{"line":307,"column":33}},"100":{"start":{"line":241,"column":21},"end":{"line":287,"column":5}},"101":{"start":{"line":242,"column":26},"end":{"line":242,"column":61}},"102":{"start":{"line":243,"column":30},"end":{"line":243,"column":77}},"103":{"start":{"line":244,"column":28},"end":{"line":244,"column":73}},"104":{"start":{"line":245,"column":32},"end":{"line":245,"column":73}},"105":{"start":{"line":246,"column":31},"end":{"line":246,"column":71}},"106":{"start":{"line":247,"column":30},"end":{"line":247,"column":69}},"107":{"start":{"line":248,"column":30},"end":{"line":248,"column":69}},"108":{"start":{"line":249,"column":29},"end":{"line":249,"column":67}},"109":{"start":{"line":250,"column":33},"end":{"line":250,"column":75}},"110":{"start":{"line":251,"column":29},"end":{"line":251,"column":67}},"111":{"start":{"line":252,"column":29},"end":{"line":252,"column":67}},"112":{"start":{"line":253,"column":27},"end":{"line":253,"column":63}},"113":{"start":{"line":254,"column":30},"end":{"line":254,"column":69}},"114":{"start":{"line":255,"column":29},"end":{"line":255,"column":67}},"115":{"start":{"line":256,"column":31},"end":{"line":256,"column":71}},"116":{"start":{"line":257,"column":26},"end":{"line":257,"column":61}},"117":{"start":{"line":258,"column":30},"end":{"line":258,"column":66}},"118":{"start":{"line":260,"column":6},"end":{"line":268,"column":9}},"119":{"start":{"line":270,"column":6},"end":{"line":270,"column":45}},"120":{"start":{"line":270,"column":23},"end":{"line":270,"column":45}},"121":{"start":{"line":271,"column":6},"end":{"line":271,"column":65}},"122":{"start":{"line":271,"column":27},"end":{"line":271,"column":65}},"123":{"start":{"line":272,"column":6},"end":{"line":272,"column":59}},"124":{"start":{"line":272,"column":25},"end":{"line":272,"column":59}},"125":{"start":{"line":273,"column":6},"end":{"line":273,"column":63}},"126":{"start":{"line":273,"column":29},"end":{"line":273,"column":63}},"127":{"start":{"line":274,"column":6},"end":{"line":274,"column":48}},"128":{"start":{"line":274,"column":24},"end":{"line":274,"column":48}},"129":{"start":{"line":275,"column":6},"end":{"line":275,"column":66}},"130":{"start":{"line":275,"column":30},"end":{"line":275,"column":66}},"131":{"start":{"line":276,"column":6},"end":{"line":276,"column":54}},"132":{"start":{"line":276,"column":26},"end":{"line":276,"column":54}},"133":{"start":{"line":277,"column":6},"end":{"line":277,"column":71}},"134":{"start":{"line":277,"column":28},"end":{"line":277,"column":71}},"135":{"start":{"line":278,"column":6},"end":{"line":278,"column":68}},"136":{"start":{"line":278,"column":27},"end":{"line":278,"column":68}},"137":{"start":{"line":279,"column":6},"end":{"line":279,"column":68}},"138":{"start":{"line":279,"column":27},"end":{"line":279,"column":68}},"139":{"start":{"line":280,"column":6},"end":{"line":280,"column":65}},"140":{"start":{"line":280,"column":26},"end":{"line":280,"column":65}},"141":{"start":{"line":281,"column":6},"end":{"line":281,"column":65}},"142":{"start":{"line":281,"column":26},"end":{"line":281,"column":65}},"143":{"start":{"line":282,"column":6},"end":{"line":282,"column":71}},"144":{"start":{"line":282,"column":28},"end":{"line":282,"column":71}},"145":{"start":{"line":283,"column":6},"end":{"line":283,"column":65}},"146":{"start":{"line":283,"column":26},"end":{"line":283,"column":65}},"147":{"start":{"line":284,"column":6},"end":{"line":284,"column":57}},"148":{"start":{"line":284,"column":27},"end":{"line":284,"column":57}},"149":{"start":{"line":285,"column":6},"end":{"line":285,"column":45}},"150":{"start":{"line":285,"column":23},"end":{"line":285,"column":45}},"151":{"start":{"line":286,"column":6},"end":{"line":286,"column":54}},"152":{"start":{"line":286,"column":27},"end":{"line":286,"column":54}},"153":{"start":{"line":289,"column":4},"end":{"line":289,"column":15}},"154":{"start":{"line":291,"column":24},"end":{"line":304,"column":6}},"155":{"start":{"line":292,"column":117},"end":{"line":292,"column":135}},"156":{"start":{"line":293,"column":6},"end":{"line":293,"column":133}},"157":{"start":{"line":294,"column":6},"end":{"line":301,"column":8}},"158":{"start":{"line":302,"column":6},"end":{"line":302,"column":54}},"159":{"start":{"line":302,"column":24},"end":{"line":302,"column":54}},"160":{"start":{"line":303,"column":6},"end":{"line":303,"column":42}},"161":{"start":{"line":303,"column":20},"end":{"line":303,"column":42}},"162":{"start":{"line":306,"column":4},"end":{"line":306,"column":23}},"163":{"start":{"line":309,"column":2},"end":{"line":418,"column":21}},"164":{"start":{"line":310,"column":4},"end":{"line":313,"column":5}},"165":{"start":{"line":311,"column":6},"end":{"line":311,"column":35}},"166":{"start":{"line":312,"column":6},"end":{"line":312,"column":56}},"167":{"start":{"line":314,"column":4},"end":{"line":317,"column":5}},"168":{"start":{"line":315,"column":6},"end":{"line":315,"column":59}},"169":{"start":{"line":316,"column":6},"end":{"line":316,"column":80}},"170":{"start":{"line":318,"column":4},"end":{"line":321,"column":5}},"171":{"start":{"line":319,"column":6},"end":{"line":319,"column":55}},"172":{"start":{"line":320,"column":6},"end":{"line":320,"column":76}},"173":{"start":{"line":322,"column":4},"end":{"line":325,"column":5}},"174":{"start":{"line":323,"column":6},"end":{"line":323,"column":47}},"175":{"start":{"line":324,"column":6},"end":{"line":324,"column":68}},"176":{"start":{"line":326,"column":4},"end":{"line":329,"column":5}},"177":{"start":{"line":327,"column":6},"end":{"line":327,"column":49}},"178":{"start":{"line":328,"column":6},"end":{"line":328,"column":70}},"179":{"start":{"line":330,"column":4},"end":{"line":333,"column":5}},"180":{"start":{"line":331,"column":6},"end":{"line":331,"column":41}},"181":{"start":{"line":332,"column":6},"end":{"line":332,"column":62}},"182":{"start":{"line":334,"column":4},"end":{"line":337,"column":5}},"183":{"start":{"line":335,"column":6},"end":{"line":335,"column":37}},"184":{"start":{"line":336,"column":6},"end":{"line":336,"column":58}},"185":{"start":{"line":338,"column":4},"end":{"line":341,"column":5}},"186":{"start":{"line":339,"column":6},"end":{"line":339,"column":40}},"187":{"start":{"line":340,"column":6},"end":{"line":340,"column":64}},"188":{"start":{"line":342,"column":4},"end":{"line":345,"column":5}},"189":{"start":{"line":343,"column":6},"end":{"line":343,"column":35}},"190":{"start":{"line":344,"column":6},"end":{"line":344,"column":56}},"191":{"start":{"line":346,"column":4},"end":{"line":349,"column":5}},"192":{"start":{"line":347,"column":6},"end":{"line":347,"column":40}},"193":{"start":{"line":348,"column":6},"end":{"line":348,"column":60}},"194":{"start":{"line":350,"column":4},"end":{"line":357,"column":5}},"195":{"start":{"line":351,"column":6},"end":{"line":351,"column":45}},"196":{"start":{"line":352,"column":6},"end":{"line":352,"column":77}},"197":{"start":{"line":353,"column":6},"end":{"line":356,"column":7}},"198":{"start":{"line":354,"column":8},"end":{"line":354,"column":21}},"199":{"start":{"line":355,"column":8},"end":{"line":355,"column":41}},"200":{"start":{"line":358,"column":4},"end":{"line":367,"column":5}},"201":{"start":{"line":359,"column":6},"end":{"line":359,"column":43}},"202":{"start":{"line":360,"column":6},"end":{"line":360,"column":75}},"203":{"start":{"line":361,"column":6},"end":{"line":366,"column":7}},"204":{"start":{"line":362,"column":8},"end":{"line":362,"column":33}},"205":{"start":{"line":363,"column":8},"end":{"line":363,"column":31}},"206":{"start":{"line":364,"column":8},"end":{"line":364,"column":53}},"207":{"start":{"line":365,"column":8},"end":{"line":365,"column":51}},"208":{"start":{"line":368,"column":4},"end":{"line":375,"column":5}},"209":{"start":{"line":369,"column":6},"end":{"line":369,"column":43}},"210":{"start":{"line":370,"column":6},"end":{"line":370,"column":75}},"211":{"start":{"line":371,"column":6},"end":{"line":374,"column":7}},"212":{"start":{"line":372,"column":8},"end":{"line":372,"column":27}},"213":{"start":{"line":373,"column":8},"end":{"line":373,"column":47}},"214":{"start":{"line":376,"column":4},"end":{"line":385,"column":5}},"215":{"start":{"line":377,"column":6},"end":{"line":377,"column":41}},"216":{"start":{"line":378,"column":6},"end":{"line":378,"column":73}},"217":{"start":{"line":379,"column":6},"end":{"line":384,"column":7}},"218":{"start":{"line":380,"column":8},"end":{"line":380,"column":28}},"219":{"start":{"line":381,"column":8},"end":{"line":381,"column":24}},"220":{"start":{"line":382,"column":8},"end":{"line":382,"column":48}},"221":{"start":{"line":383,"column":8},"end":{"line":383,"column":44}},"222":{"start":{"line":386,"column":4},"end":{"line":393,"column":5}},"223":{"start":{"line":387,"column":6},"end":{"line":387,"column":41}},"224":{"start":{"line":388,"column":6},"end":{"line":388,"column":73}},"225":{"start":{"line":389,"column":6},"end":{"line":392,"column":7}},"226":{"start":{"line":390,"column":8},"end":{"line":390,"column":22}},"227":{"start":{"line":391,"column":8},"end":{"line":391,"column":42}},"228":{"start":{"line":394,"column":4},"end":{"line":401,"column":5}},"229":{"start":{"line":395,"column":6},"end":{"line":395,"column":45}},"230":{"start":{"line":396,"column":6},"end":{"line":396,"column":77}},"231":{"start":{"line":397,"column":6},"end":{"line":400,"column":7}},"232":{"start":{"line":398,"column":8},"end":{"line":398,"column":21}},"233":{"start":{"line":399,"column":8},"end":{"line":399,"column":41}},"234":{"start":{"line":402,"column":4},"end":{"line":409,"column":5}},"235":{"start":{"line":403,"column":6},"end":{"line":403,"column":43}},"236":{"start":{"line":404,"column":6},"end":{"line":404,"column":73}},"237":{"start":{"line":405,"column":6},"end":{"line":408,"column":7}},"238":{"start":{"line":406,"column":8},"end":{"line":406,"column":25}},"239":{"start":{"line":407,"column":8},"end":{"line":407,"column":45}},"240":{"start":{"line":410,"column":4},"end":{"line":417,"column":5}},"241":{"start":{"line":411,"column":6},"end":{"line":411,"column":45}},"242":{"start":{"line":412,"column":6},"end":{"line":412,"column":77}},"243":{"start":{"line":413,"column":6},"end":{"line":416,"column":7}},"244":{"start":{"line":414,"column":8},"end":{"line":414,"column":22}},"245":{"start":{"line":415,"column":8},"end":{"line":415,"column":41}},"246":{"start":{"line":420,"column":2},"end":{"line":430,"column":21}},"247":{"start":{"line":421,"column":19},"end":{"line":421,"column":37}},"248":{"start":{"line":423,"column":4},"end":{"line":423,"column":74}},"249":{"start":{"line":423,"column":41},"end":{"line":423,"column":74}},"250":{"start":{"line":424,"column":4},"end":{"line":424,"column":71}},"251":{"start":{"line":424,"column":40},"end":{"line":424,"column":71}},"252":{"start":{"line":425,"column":4},"end":{"line":425,"column":71}},"253":{"start":{"line":425,"column":40},"end":{"line":425,"column":71}},"254":{"start":{"line":426,"column":4},"end":{"line":426,"column":68}},"255":{"start":{"line":426,"column":39},"end":{"line":426,"column":68}},"256":{"start":{"line":427,"column":4},"end":{"line":427,"column":68}},"257":{"start":{"line":427,"column":39},"end":{"line":427,"column":68}},"258":{"start":{"line":428,"column":4},"end":{"line":428,"column":74}},"259":{"start":{"line":428,"column":41},"end":{"line":428,"column":74}},"260":{"start":{"line":429,"column":4},"end":{"line":429,"column":68}},"261":{"start":{"line":429,"column":39},"end":{"line":429,"column":68}},"262":{"start":{"line":432,"column":2},"end":{"line":434,"column":73}},"263":{"start":{"line":433,"column":4},"end":{"line":433,"column":91}},"264":{"start":{"line":436,"column":21},"end":{"line":439,"column":3}},"265":{"start":{"line":437,"column":31},"end":{"line":437,"column":52}},"266":{"start":{"line":438,"column":4},"end":{"line":438,"column":37}},"267":{"start":{"line":441,"column":2},"end":{"line":509,"column":4}},"268":{"start":{"line":444,"column":65},"end":{"line":444,"column":108}},"269":{"start":{"line":447,"column":172},"end":{"line":447,"column":247}},"270":{"start":{"line":450,"column":95},"end":{"line":450,"column":153}},"271":{"start":{"line":453,"column":92},"end":{"line":453,"column":147}},"272":{"start":{"line":456,"column":108},"end":{"line":456,"column":179}},"273":{"start":{"line":459,"column":67},"end":{"line":459,"column":112}},"274":{"start":{"line":462,"column":130},"end":{"line":462,"column":181}},"275":{"start":{"line":467,"column":34},"end":{"line":467,"column":45}},"276":{"start":{"line":471,"column":142},"end":{"line":471,"column":163}},"277":{"start":{"line":482,"column":10},"end":{"line":482,"column":41}},"278":{"start":{"line":491,"column":106},"end":{"line":491,"column":118}},"279":{"start":{"line":498,"column":143},"end":{"line":498,"column":165}},"280":{"start":{"line":512,"column":15},"end":{"line":624,"column":2}}},"fnMap":{"0":{"name":"PublierScreen","decl":{"start":{"line":53,"column":9},"end":{"line":53,"column":22}},"loc":{"start":{"line":53,"column":28},"end":{"line":101,"column":1}},"line":53},"1":{"name":"PublierContent","decl":{"start":{"line":103,"column":9},"end":{"line":103,"column":23}},"loc":{"start":{"line":103,"column":26},"end":{"line":510,"column":1}},"line":103},"2":{"name":"(anonymous_2)","decl":{"start":{"line":130,"column":20},"end":{"line":130,"column":21}},"loc":{"start":{"line":130,"column":26},"end":{"line":143,"column":3}},"line":130},"3":{"name":"(anonymous_3)","decl":{"start":{"line":135,"column":32},"end":{"line":135,"column":33}},"loc":{"start":{"line":135,"column":38},"end":{"line":135,"column":49}},"line":135},"4":{"name":"(anonymous_4)","decl":{"start":{"line":146,"column":21},"end":{"line":146,"column":22}},"loc":{"start":{"line":146,"column":33},"end":{"line":197,"column":3}},"line":146},"5":{"name":"(anonymous_5)","decl":{"start":{"line":199,"column":20},"end":{"line":199,"column":21}},"loc":{"start":{"line":199,"column":32},"end":{"line":238,"column":3}},"line":199},"6":{"name":"(anonymous_6)","decl":{"start":{"line":240,"column":12},"end":{"line":240,"column":13}},"loc":{"start":{"line":240,"column":18},"end":{"line":307,"column":3}},"line":240},"7":{"name":"(anonymous_7)","decl":{"start":{"line":241,"column":21},"end":{"line":241,"column":22}},"loc":{"start":{"line":241,"column":33},"end":{"line":287,"column":5}},"line":241},"8":{"name":"(anonymous_8)","decl":{"start":{"line":291,"column":56},"end":{"line":291,"column":57}},"loc":{"start":{"line":291,"column":62},"end":{"line":304,"column":5}},"line":291},"9":{"name":"(anonymous_9)","decl":{"start":{"line":309,"column":12},"end":{"line":309,"column":13}},"loc":{"start":{"line":309,"column":18},"end":{"line":418,"column":3}},"line":309},"10":{"name":"(anonymous_10)","decl":{"start":{"line":420,"column":12},"end":{"line":420,"column":13}},"loc":{"start":{"line":420,"column":18},"end":{"line":430,"column":3}},"line":420},"11":{"name":"(anonymous_11)","decl":{"start":{"line":432,"column":12},"end":{"line":432,"column":13}},"loc":{"start":{"line":432,"column":18},"end":{"line":434,"column":3}},"line":432},"12":{"name":"(anonymous_12)","decl":{"start":{"line":436,"column":21},"end":{"line":436,"column":22}},"loc":{"start":{"line":436,"column":45},"end":{"line":439,"column":3}},"line":436},"13":{"name":"(anonymous_13)","decl":{"start":{"line":444,"column":59},"end":{"line":444,"column":60}},"loc":{"start":{"line":444,"column":65},"end":{"line":444,"column":108}},"line":444},"14":{"name":"(anonymous_14)","decl":{"start":{"line":447,"column":166},"end":{"line":447,"column":167}},"loc":{"start":{"line":447,"column":172},"end":{"line":447,"column":247}},"line":447},"15":{"name":"(anonymous_15)","decl":{"start":{"line":450,"column":89},"end":{"line":450,"column":90}},"loc":{"start":{"line":450,"column":95},"end":{"line":450,"column":153}},"line":450},"16":{"name":"(anonymous_16)","decl":{"start":{"line":453,"column":86},"end":{"line":453,"column":87}},"loc":{"start":{"line":453,"column":92},"end":{"line":453,"column":147}},"line":453},"17":{"name":"(anonymous_17)","decl":{"start":{"line":456,"column":102},"end":{"line":456,"column":103}},"loc":{"start":{"line":456,"column":108},"end":{"line":456,"column":179}},"line":456},"18":{"name":"(anonymous_18)","decl":{"start":{"line":459,"column":61},"end":{"line":459,"column":62}},"loc":{"start":{"line":459,"column":67},"end":{"line":459,"column":112}},"line":459},"19":{"name":"(anonymous_19)","decl":{"start":{"line":462,"column":124},"end":{"line":462,"column":125}},"loc":{"start":{"line":462,"column":130},"end":{"line":462,"column":181}},"line":462},"20":{"name":"(anonymous_20)","decl":{"start":{"line":467,"column":28},"end":{"line":467,"column":29}},"loc":{"start":{"line":467,"column":34},"end":{"line":467,"column":45}},"line":467},"21":{"name":"(anonymous_21)","decl":{"start":{"line":471,"column":136},"end":{"line":471,"column":137}},"loc":{"start":{"line":471,"column":142},"end":{"line":471,"column":163}},"line":471},"22":{"name":"(anonymous_22)","decl":{"start":{"line":481,"column":24},"end":{"line":481,"column":25}},"loc":{"start":{"line":481,"column":30},"end":{"line":483,"column":9}},"line":481},"23":{"name":"(anonymous_23)","decl":{"start":{"line":491,"column":100},"end":{"line":491,"column":101}},"loc":{"start":{"line":491,"column":106},"end":{"line":491,"column":118}},"line":491},"24":{"name":"(anonymous_24)","decl":{"start":{"line":498,"column":137},"end":{"line":498,"column":138}},"loc":{"start":{"line":498,"column":143},"end":{"line":498,"column":165}},"line":498}},"branchMap":{"0":{"loc":{"start":{"line":147,"column":4},"end":{"line":147,"column":26}},"type":"if","locations":[{"start":{"line":147,"column":4},"end":{"line":147,"column":26}},{"start":{},"end":{}}],"line":147},"1":{"loc":{"start":{"line":152,"column":6},"end":{"line":155,"column":7}},"type":"if","locations":[{"start":{"line":152,"column":6},"end":{"line":155,"column":7}},{"start":{},"end":{}}],"line":152},"2":{"loc":{"start":{"line":185,"column":6},"end":{"line":191,"column":7}},"type":"if","locations":[{"start":{"line":185,"column":6},"end":{"line":191,"column":7}},{"start":{"line":189,"column":13},"end":{"line":191,"column":7}}],"line":185},"3":{"loc":{"start":{"line":270,"column":6},"end":{"line":270,"column":45}},"type":"if","locations":[{"start":{"line":270,"column":6},"end":{"line":270,"column":45}},{"start":{},"end":{}}],"line":270},"4":{"loc":{"start":{"line":271,"column":6},"end":{"line":271,"column":65}},"type":"if","locations":[{"start":{"line":271,"column":6},"end":{"line":271,"column":65}},{"start":{},"end":{}}],"line":271},"5":{"loc":{"start":{"line":272,"column":6},"end":{"line":272,"column":59}},"type":"if","locations":[{"start":{"line":272,"column":6},"end":{"line":272,"column":59}},{"start":{},"end":{}}],"line":272},"6":{"loc":{"start":{"line":273,"column":6},"end":{"line":273,"column":63}},"type":"if","locations":[{"start":{"line":273,"column":6},"end":{"line":273,"column":63}},{"start":{},"end":{}}],"line":273},"7":{"loc":{"start":{"line":274,"column":6},"end":{"line":274,"column":48}},"type":"if","locations":[{"start":{"line":274,"column":6},"end":{"line":274,"column":48}},{"start":{},"end":{}}],"line":274},"8":{"loc":{"start":{"line":275,"column":6},"end":{"line":275,"column":66}},"type":"if","locations":[{"start":{"line":275,"column":6},"end":{"line":275,"column":66}},{"start":{},"end":{}}],"line":275},"9":{"loc":{"start":{"line":276,"column":6},"end":{"line":276,"column":54}},"type":"if","locations":[{"start":{"line":276,"column":6},"end":{"line":276,"column":54}},{"start":{},"end":{}}],"line":276},"10":{"loc":{"start":{"line":277,"column":6},"end":{"line":277,"column":71}},"type":"if","locations":[{"start":{"line":277,"column":6},"end":{"line":277,"column":71}},{"start":{},"end":{}}],"line":277},"11":{"loc":{"start":{"line":278,"column":6},"end":{"line":278,"column":68}},"type":"if","locations":[{"start":{"line":278,"column":6},"end":{"line":278,"column":68}},{"start":{},"end":{}}],"line":278},"12":{"loc":{"start":{"line":279,"column":6},"end":{"line":279,"column":68}},"type":"if","locations":[{"start":{"line":279,"column":6},"end":{"line":279,"column":68}},{"start":{},"end":{}}],"line":279},"13":{"loc":{"start":{"line":280,"column":6},"end":{"line":280,"column":65}},"type":"if","locations":[{"start":{"line":280,"column":6},"end":{"line":280,"column":65}},{"start":{},"end":{}}],"line":280},"14":{"loc":{"start":{"line":281,"column":6},"end":{"line":281,"column":65}},"type":"if","locations":[{"start":{"line":281,"column":6},"end":{"line":281,"column":65}},{"start":{},"end":{}}],"line":281},"15":{"loc":{"start":{"line":282,"column":6},"end":{"line":282,"column":71}},"type":"if","locations":[{"start":{"line":282,"column":6},"end":{"line":282,"column":71}},{"start":{},"end":{}}],"line":282},"16":{"loc":{"start":{"line":283,"column":6},"end":{"line":283,"column":65}},"type":"if","locations":[{"start":{"line":283,"column":6},"end":{"line":283,"column":65}},{"start":{},"end":{}}],"line":283},"17":{"loc":{"start":{"line":284,"column":6},"end":{"line":284,"column":57}},"type":"if","locations":[{"start":{"line":284,"column":6},"end":{"line":284,"column":57}},{"start":{},"end":{}}],"line":284},"18":{"loc":{"start":{"line":285,"column":6},"end":{"line":285,"column":45}},"type":"if","locations":[{"start":{"line":285,"column":6},"end":{"line":285,"column":45}},{"start":{},"end":{}}],"line":285},"19":{"loc":{"start":{"line":286,"column":6},"end":{"line":286,"column":54}},"type":"if","locations":[{"start":{"line":286,"column":6},"end":{"line":286,"column":54}},{"start":{},"end":{}}],"line":286},"20":{"loc":{"start":{"line":292,"column":117},"end":{"line":292,"column":135}},"type":"binary-expr","locations":[{"start":{"line":292,"column":117},"end":{"line":292,"column":129}},{"start":{"line":292,"column":133},"end":{"line":292,"column":135}}],"line":292},"21":{"loc":{"start":{"line":295,"column":8},"end":{"line":300,"column":55}},"type":"binary-expr","locations":[{"start":{"line":295,"column":9},"end":{"line":295,"column":54}},{"start":{"line":296,"column":9},"end":{"line":296,"column":52}},{"start":{"line":297,"column":9},"end":{"line":297,"column":52}},{"start":{"line":298,"column":9},"end":{"line":298,"column":50}},{"start":{"line":299,"column":9},"end":{"line":299,"column":50}},{"start":{"line":300,"column":9},"end":{"line":300,"column":54}}],"line":295},"22":{"loc":{"start":{"line":295,"column":9},"end":{"line":295,"column":54}},"type":"cond-expr","locations":[{"start":{"line":295,"column":36},"end":{"line":295,"column":46}},{"start":{"line":295,"column":49},"end":{"line":295,"column":54}}],"line":295},"23":{"loc":{"start":{"line":296,"column":9},"end":{"line":296,"column":52}},"type":"cond-expr","locations":[{"start":{"line":296,"column":35},"end":{"line":296,"column":44}},{"start":{"line":296,"column":47},"end":{"line":296,"column":52}}],"line":296},"24":{"loc":{"start":{"line":297,"column":9},"end":{"line":297,"column":52}},"type":"cond-expr","locations":[{"start":{"line":297,"column":35},"end":{"line":297,"column":44}},{"start":{"line":297,"column":47},"end":{"line":297,"column":52}}],"line":297},"25":{"loc":{"start":{"line":298,"column":9},"end":{"line":298,"column":50}},"type":"cond-expr","locations":[{"start":{"line":298,"column":34},"end":{"line":298,"column":42}},{"start":{"line":298,"column":45},"end":{"line":298,"column":50}}],"line":298},"26":{"loc":{"start":{"line":299,"column":9},"end":{"line":299,"column":50}},"type":"cond-expr","locations":[{"start":{"line":299,"column":34},"end":{"line":299,"column":42}},{"start":{"line":299,"column":45},"end":{"line":299,"column":50}}],"line":299},"27":{"loc":{"start":{"line":300,"column":9},"end":{"line":300,"column":54}},"type":"cond-expr","locations":[{"start":{"line":300,"column":36},"end":{"line":300,"column":46}},{"start":{"line":300,"column":49},"end":{"line":300,"column":54}}],"line":300},"28":{"loc":{"start":{"line":302,"column":6},"end":{"line":302,"column":54}},"type":"if","locations":[{"start":{"line":302,"column":6},"end":{"line":302,"column":54}},{"start":{},"end":{}}],"line":302},"29":{"loc":{"start":{"line":303,"column":6},"end":{"line":303,"column":42}},"type":"if","locations":[{"start":{"line":303,"column":6},"end":{"line":303,"column":42}},{"start":{},"end":{}}],"line":303},"30":{"loc":{"start":{"line":310,"column":4},"end":{"line":313,"column":5}},"type":"if","locations":[{"start":{"line":310,"column":4},"end":{"line":313,"column":5}},{"start":{},"end":{}}],"line":310},"31":{"loc":{"start":{"line":314,"column":4},"end":{"line":317,"column":5}},"type":"if","locations":[{"start":{"line":314,"column":4},"end":{"line":317,"column":5}},{"start":{},"end":{}}],"line":314},"32":{"loc":{"start":{"line":318,"column":4},"end":{"line":321,"column":5}},"type":"if","locations":[{"start":{"line":318,"column":4},"end":{"line":321,"column":5}},{"start":{},"end":{}}],"line":318},"33":{"loc":{"start":{"line":322,"column":4},"end":{"line":325,"column":5}},"type":"if","locations":[{"start":{"line":322,"column":4},"end":{"line":325,"column":5}},{"start":{},"end":{}}],"line":322},"34":{"loc":{"start":{"line":326,"column":4},"end":{"line":329,"column":5}},"type":"if","locations":[{"start":{"line":326,"column":4},"end":{"line":329,"column":5}},{"start":{},"end":{}}],"line":326},"35":{"loc":{"start":{"line":330,"column":4},"end":{"line":333,"column":5}},"type":"if","locations":[{"start":{"line":330,"column":4},"end":{"line":333,"column":5}},{"start":{},"end":{}}],"line":330},"36":{"loc":{"start":{"line":334,"column":4},"end":{"line":337,"column":5}},"type":"if","locations":[{"start":{"line":334,"column":4},"end":{"line":337,"column":5}},{"start":{},"end":{}}],"line":334},"37":{"loc":{"start":{"line":338,"column":4},"end":{"line":341,"column":5}},"type":"if","locations":[{"start":{"line":338,"column":4},"end":{"line":341,"column":5}},{"start":{},"end":{}}],"line":338},"38":{"loc":{"start":{"line":342,"column":4},"end":{"line":345,"column":5}},"type":"if","locations":[{"start":{"line":342,"column":4},"end":{"line":345,"column":5}},{"start":{},"end":{}}],"line":342},"39":{"loc":{"start":{"line":346,"column":4},"end":{"line":349,"column":5}},"type":"if","locations":[{"start":{"line":346,"column":4},"end":{"line":349,"column":5}},{"start":{},"end":{}}],"line":346},"40":{"loc":{"start":{"line":350,"column":4},"end":{"line":357,"column":5}},"type":"if","locations":[{"start":{"line":350,"column":4},"end":{"line":357,"column":5}},{"start":{},"end":{}}],"line":350},"41":{"loc":{"start":{"line":353,"column":6},"end":{"line":356,"column":7}},"type":"if","locations":[{"start":{"line":353,"column":6},"end":{"line":356,"column":7}},{"start":{},"end":{}}],"line":353},"42":{"loc":{"start":{"line":358,"column":4},"end":{"line":367,"column":5}},"type":"if","locations":[{"start":{"line":358,"column":4},"end":{"line":367,"column":5}},{"start":{},"end":{}}],"line":358},"43":{"loc":{"start":{"line":361,"column":6},"end":{"line":366,"column":7}},"type":"if","locations":[{"start":{"line":361,"column":6},"end":{"line":366,"column":7}},{"start":{},"end":{}}],"line":361},"44":{"loc":{"start":{"line":368,"column":4},"end":{"line":375,"column":5}},"type":"if","locations":[{"start":{"line":368,"column":4},"end":{"line":375,"column":5}},{"start":{},"end":{}}],"line":368},"45":{"loc":{"start":{"line":371,"column":6},"end":{"line":374,"column":7}},"type":"if","locations":[{"start":{"line":371,"column":6},"end":{"line":374,"column":7}},{"start":{},"end":{}}],"line":371},"46":{"loc":{"start":{"line":376,"column":4},"end":{"line":385,"column":5}},"type":"if","locations":[{"start":{"line":376,"column":4},"end":{"line":385,"column":5}},{"start":{},"end":{}}],"line":376},"47":{"loc":{"start":{"line":379,"column":6},"end":{"line":384,"column":7}},"type":"if","locations":[{"start":{"line":379,"column":6},"end":{"line":384,"column":7}},{"start":{},"end":{}}],"line":379},"48":{"loc":{"start":{"line":386,"column":4},"end":{"line":393,"column":5}},"type":"if","locations":[{"start":{"line":386,"column":4},"end":{"line":393,"column":5}},{"start":{},"end":{}}],"line":386},"49":{"loc":{"start":{"line":389,"column":6},"end":{"line":392,"column":7}},"type":"if","locations":[{"start":{"line":389,"column":6},"end":{"line":392,"column":7}},{"start":{},"end":{}}],"line":389},"50":{"loc":{"start":{"line":394,"column":4},"end":{"line":401,"column":5}},"type":"if","locations":[{"start":{"line":394,"column":4},"end":{"line":401,"column":5}},{"start":{},"end":{}}],"line":394},"51":{"loc":{"start":{"line":397,"column":6},"end":{"line":400,"column":7}},"type":"if","locations":[{"start":{"line":397,"column":6},"end":{"line":400,"column":7}},{"start":{},"end":{}}],"line":397},"52":{"loc":{"start":{"line":402,"column":4},"end":{"line":409,"column":5}},"type":"if","locations":[{"start":{"line":402,"column":4},"end":{"line":409,"column":5}},{"start":{},"end":{}}],"line":402},"53":{"loc":{"start":{"line":405,"column":6},"end":{"line":408,"column":7}},"type":"if","locations":[{"start":{"line":405,"column":6},"end":{"line":408,"column":7}},{"start":{},"end":{}}],"line":405},"54":{"loc":{"start":{"line":410,"column":4},"end":{"line":417,"column":5}},"type":"if","locations":[{"start":{"line":410,"column":4},"end":{"line":417,"column":5}},{"start":{},"end":{}}],"line":410},"55":{"loc":{"start":{"line":413,"column":6},"end":{"line":416,"column":7}},"type":"if","locations":[{"start":{"line":413,"column":6},"end":{"line":416,"column":7}},{"start":{},"end":{}}],"line":413},"56":{"loc":{"start":{"line":421,"column":19},"end":{"line":421,"column":37}},"type":"binary-expr","locations":[{"start":{"line":421,"column":19},"end":{"line":421,"column":31}},{"start":{"line":421,"column":35},"end":{"line":421,"column":37}}],"line":421},"57":{"loc":{"start":{"line":423,"column":4},"end":{"line":423,"column":74}},"type":"if","locations":[{"start":{"line":423,"column":4},"end":{"line":423,"column":74}},{"start":{},"end":{}}],"line":423},"58":{"loc":{"start":{"line":424,"column":4},"end":{"line":424,"column":71}},"type":"if","locations":[{"start":{"line":424,"column":4},"end":{"line":424,"column":71}},{"start":{},"end":{}}],"line":424},"59":{"loc":{"start":{"line":425,"column":4},"end":{"line":425,"column":71}},"type":"if","locations":[{"start":{"line":425,"column":4},"end":{"line":425,"column":71}},{"start":{},"end":{}}],"line":425},"60":{"loc":{"start":{"line":426,"column":4},"end":{"line":426,"column":68}},"type":"if","locations":[{"start":{"line":426,"column":4},"end":{"line":426,"column":68}},{"start":{},"end":{}}],"line":426},"61":{"loc":{"start":{"line":427,"column":4},"end":{"line":427,"column":68}},"type":"if","locations":[{"start":{"line":427,"column":4},"end":{"line":427,"column":68}},{"start":{},"end":{}}],"line":427},"62":{"loc":{"start":{"line":428,"column":4},"end":{"line":428,"column":74}},"type":"if","locations":[{"start":{"line":428,"column":4},"end":{"line":428,"column":74}},{"start":{},"end":{}}],"line":428},"63":{"loc":{"start":{"line":429,"column":4},"end":{"line":429,"column":68}},"type":"if","locations":[{"start":{"line":429,"column":4},"end":{"line":429,"column":68}},{"start":{},"end":{}}],"line":429},"64":{"loc":{"start":{"line":433,"column":15},"end":{"line":433,"column":89}},"type":"binary-expr","locations":[{"start":{"line":433,"column":15},"end":{"line":433,"column":25}},{"start":{"line":433,"column":29},"end":{"line":433,"column":38}},{"start":{"line":433,"column":42},"end":{"line":433,"column":51}},{"start":{"line":433,"column":55},"end":{"line":433,"column":63}},{"start":{"line":433,"column":67},"end":{"line":433,"column":75}},{"start":{"line":433,"column":79},"end":{"line":433,"column":89}}],"line":433},"65":{"loc":{"start":{"line":445,"column":24},"end":{"line":445,"column":72}},"type":"cond-expr","locations":[{"start":{"line":445,"column":37},"end":{"line":445,"column":55}},{"start":{"line":445,"column":58},"end":{"line":445,"column":72}}],"line":445},"66":{"loc":{"start":{"line":445,"column":91},"end":{"line":445,"column":125}},"type":"cond-expr","locations":[{"start":{"line":445,"column":104},"end":{"line":445,"column":113}},{"start":{"line":445,"column":116},"end":{"line":445,"column":125}}],"line":445},"67":{"loc":{"start":{"line":447,"column":43},"end":{"line":447,"column":97}},"type":"cond-expr","locations":[{"start":{"line":447,"column":63},"end":{"line":447,"column":92}},{"start":{"line":447,"column":95},"end":{"line":447,"column":97}}],"line":447},"68":{"loc":{"start":{"line":447,"column":103},"end":{"line":447,"column":153}},"type":"cond-expr","locations":[{"start":{"line":447,"column":121},"end":{"line":447,"column":148}},{"start":{"line":447,"column":151},"end":{"line":447,"column":153}}],"line":447},"69":{"loc":{"start":{"line":448,"column":24},"end":{"line":448,"column":71}},"type":"cond-expr","locations":[{"start":{"line":448,"column":36},"end":{"line":448,"column":54}},{"start":{"line":448,"column":57},"end":{"line":448,"column":71}}],"line":448},"70":{"loc":{"start":{"line":448,"column":90},"end":{"line":448,"column":123}},"type":"cond-expr","locations":[{"start":{"line":448,"column":102},"end":{"line":448,"column":111}},{"start":{"line":448,"column":114},"end":{"line":448,"column":123}}],"line":448},"71":{"loc":{"start":{"line":450,"column":41},"end":{"line":450,"column":62}},"type":"cond-expr","locations":[{"start":{"line":450,"column":49},"end":{"line":450,"column":57}},{"start":{"line":450,"column":60},"end":{"line":450,"column":62}}],"line":450},"72":{"loc":{"start":{"line":451,"column":24},"end":{"line":451,"column":72}},"type":"cond-expr","locations":[{"start":{"line":451,"column":37},"end":{"line":451,"column":55}},{"start":{"line":451,"column":58},"end":{"line":451,"column":72}}],"line":451},"73":{"loc":{"start":{"line":451,"column":91},"end":{"line":451,"column":125}},"type":"cond-expr","locations":[{"start":{"line":451,"column":104},"end":{"line":451,"column":113}},{"start":{"line":451,"column":116},"end":{"line":451,"column":125}}],"line":451},"74":{"loc":{"start":{"line":453,"column":47},"end":{"line":453,"column":73}},"type":"cond-expr","locations":[{"start":{"line":453,"column":61},"end":{"line":453,"column":68}},{"start":{"line":453,"column":71},"end":{"line":453,"column":73}}],"line":453},"75":{"loc":{"start":{"line":454,"column":24},"end":{"line":454,"column":71}},"type":"cond-expr","locations":[{"start":{"line":454,"column":36},"end":{"line":454,"column":54}},{"start":{"line":454,"column":57},"end":{"line":454,"column":71}}],"line":454},"76":{"loc":{"start":{"line":454,"column":90},"end":{"line":454,"column":123}},"type":"cond-expr","locations":[{"start":{"line":454,"column":102},"end":{"line":454,"column":111}},{"start":{"line":454,"column":114},"end":{"line":454,"column":123}}],"line":454},"77":{"loc":{"start":{"line":456,"column":48},"end":{"line":456,"column":77}},"type":"cond-expr","locations":[{"start":{"line":456,"column":63},"end":{"line":456,"column":72}},{"start":{"line":456,"column":75},"end":{"line":456,"column":77}}],"line":456},"78":{"loc":{"start":{"line":457,"column":24},"end":{"line":457,"column":70}},"type":"cond-expr","locations":[{"start":{"line":457,"column":35},"end":{"line":457,"column":53}},{"start":{"line":457,"column":56},"end":{"line":457,"column":70}}],"line":457},"79":{"loc":{"start":{"line":457,"column":89},"end":{"line":457,"column":121}},"type":"cond-expr","locations":[{"start":{"line":457,"column":100},"end":{"line":457,"column":109}},{"start":{"line":457,"column":112},"end":{"line":457,"column":121}}],"line":457},"80":{"loc":{"start":{"line":460,"column":24},"end":{"line":460,"column":70}},"type":"cond-expr","locations":[{"start":{"line":460,"column":35},"end":{"line":460,"column":53}},{"start":{"line":460,"column":56},"end":{"line":460,"column":70}}],"line":460},"81":{"loc":{"start":{"line":460,"column":89},"end":{"line":460,"column":121}},"type":"cond-expr","locations":[{"start":{"line":460,"column":100},"end":{"line":460,"column":109}},{"start":{"line":460,"column":112},"end":{"line":460,"column":121}}],"line":460},"82":{"loc":{"start":{"line":462,"column":33},"end":{"line":462,"column":111}},"type":"cond-expr","locations":[{"start":{"line":462,"column":45},"end":{"line":462,"column":75}},{"start":{"line":462,"column":78},"end":{"line":462,"column":111}}],"line":462},"83":{"loc":{"start":{"line":463,"column":24},"end":{"line":463,"column":70}},"type":"cond-expr","locations":[{"start":{"line":463,"column":35},"end":{"line":463,"column":53}},{"start":{"line":463,"column":56},"end":{"line":463,"column":70}}],"line":463},"84":{"loc":{"start":{"line":463,"column":89},"end":{"line":463,"column":121}},"type":"cond-expr","locations":[{"start":{"line":463,"column":100},"end":{"line":463,"column":109}},{"start":{"line":463,"column":112},"end":{"line":463,"column":121}}],"line":463},"85":{"loc":{"start":{"line":471,"column":71},"end":{"line":471,"column":102}},"type":"cond-expr","locations":[{"start":{"line":471,"column":81},"end":{"line":471,"column":90}},{"start":{"line":471,"column":93},"end":{"line":471,"column":102}}],"line":471},"86":{"loc":{"start":{"line":493,"column":21},"end":{"line":493,"column":55}},"type":"cond-expr","locations":[{"start":{"line":493,"column":33},"end":{"line":493,"column":43}},{"start":{"line":493,"column":46},"end":{"line":493,"column":55}}],"line":493}},"s":{"0":1,"1":7,"2":7,"3":7,"4":7,"5":7,"6":7,"7":7,"8":7,"9":7,"10":7,"11":7,"12":7,"13":7,"14":7,"15":7,"16":7,"17":7,"18":7,"19":7,"20":7,"21":7,"22":7,"23":7,"24":7,"25":7,"26":1,"27":0,"28":7,"29":0,"30":0,"31":0,"32":0,"33":0,"34":0,"35":0,"36":0,"37":0,"38":0,"39":0,"40":0,"41":0,"42":0,"43":0,"44":0,"45":0,"46":0,"47":0,"48":0,"49":0,"50":0,"51":0,"52":0,"53":0,"54":0,"55":0,"56":0,"57":0,"58":0,"59":0,"60":7,"61":0,"62":0,"63":0,"64":0,"65":0,"66":0,"67":0,"68":0,"69":0,"70":0,"71":0,"72":0,"73":0,"74":0,"75":0,"76":0,"77":0,"78":0,"79":0,"80":0,"81":0,"82":0,"83":0,"84":0,"85":0,"86":0,"87":0,"88":0,"89":0,"90":0,"91":0,"92":0,"93":0,"94":0,"95":0,"96":0,"97":0,"98":0,"99":7,"100":7,"101":7,"102":7,"103":7,"104":7,"105":7,"106":7,"107":7,"108":7,"109":7,"110":7,"111":7,"112":7,"113":7,"114":7,"115":7,"116":7,"117":7,"118":7,"119":7,"120":0,"121":7,"122":0,"123":7,"124":0,"125":7,"126":0,"127":7,"128":0,"129":7,"130":0,"131":7,"132":0,"133":7,"134":0,"135":7,"136":0,"137":7,"138":0,"139":7,"140":0,"141":7,"142":0,"143":7,"144":0,"145":7,"146":0,"147":7,"148":0,"149":7,"150":0,"151":7,"152":0,"153":7,"154":7,"155":7,"156":7,"157":7,"158":7,"159":0,"160":7,"161":0,"162":7,"163":7,"164":7,"165":0,"166":0,"167":7,"168":0,"169":0,"170":7,"171":0,"172":0,"173":7,"174":0,"175":0,"176":7,"177":0,"178":0,"179":7,"180":0,"181":0,"182":7,"183":0,"184":0,"185":7,"186":0,"187":0,"188":7,"189":0,"190":0,"191":7,"192":0,"193":0,"194":7,"195":0,"196":0,"197":0,"198":0,"199":0,"200":7,"201":0,"202":0,"203":0,"204":0,"205":0,"206":0,"207":0,"208":7,"209":0,"210":0,"211":0,"212":0,"213":0,"214":7,"215":0,"216":0,"217":0,"218":0,"219":0,"220":0,"221":0,"222":7,"223":0,"224":0,"225":0,"226":0,"227":0,"228":7,"229":0,"230":0,"231":0,"232":0,"233":0,"234":7,"235":0,"236":0,"237":0,"238":0,"239":0,"240":7,"241":0,"242":0,"243":0,"244":0,"245":0,"246":7,"247":7,"248":7,"249":0,"250":7,"251":0,"252":7,"253":0,"254":7,"255":0,"256":7,"257":0,"258":7,"259":0,"260":7,"261":0,"262":7,"263":7,"264":7,"265":0,"266":0,"267":7,"268":0,"269":0,"270":0,"271":0,"272":0,"273":0,"274":0,"275":1,"276":0,"277":0,"278":0,"279":0,"280":1},"f":{"0":7,"1":7,"2":1,"3":0,"4":0,"5":0,"6":7,"7":7,"8":7,"9":7,"10":7,"11":7,"12":0,"13":0,"14":0,"15":0,"16":0,"17":0,"18":0,"19":0,"20":1,"21":0,"22":0,"23":0,"24":0},"b":{"0":[0,0],"1":[0,0],"2":[0,0],"3":[0,7],"4":[0,7],"5":[0,7],"6":[0,7],"7":[0,7],"8":[0,7],"9":[0,7],"10":[0,7],"11":[0,7],"12":[0,7],"13":[0,7],"14":[0,7],"15":[0,7],"16":[0,7],"17":[0,7],"18":[0,7],"19":[0,7],"20":[7,7],"21":[7,0,0,0,0,0],"22":[0,7],"23":[0,0],"24":[0,0],"25":[0,0],"26":[0,0],"27":[0,0],"28":[0,7],"29":[0,7],"30":[0,7],"31":[0,7],"32":[0,7],"33":[0,7],"34":[0,7],"35":[0,7],"36":[0,7],"37":[0,7],"38":[0,7],"39":[0,7],"40":[0,7],"41":[0,0],"42":[0,7],"43":[0,0],"44":[0,7],"45":[0,0],"46":[0,7],"47":[0,0],"48":[0,7],"49":[0,0],"50":[0,7],"51":[0,0],"52":[0,7],"53":[0,0],"54":[0,7],"55":[0,0],"56":[7,7],"57":[0,7],"58":[0,7],"59":[0,7],"60":[0,7],"61":[0,7],"62":[0,7],"63":[0,7],"64":[7,0,0,0,0,0],"65":[0,7],"66":[0,7],"67":[0,7],"68":[0,7],"69":[0,7],"70":[0,7],"71":[0,7],"72":[0,7],"73":[0,7],"74":[0,7],"75":[0,7],"76":[0,7],"77":[0,7],"78":[0,7],"79":[0,7],"80":[0,7],"81":[0,7],"82":[0,7],"83":[0,7],"84":[0,7],"85":[0,7],"86":[0,7]},"_coverageSchema":"1a1c01bbd47fc00a2c39e90264f33305004495a9","hash":"f8f6d727611aada82382794f597b17c562946ea3"}
,"C:\\Users\\DÉVELOPPEUR\\.cursor\\Aro\\Arosaje\\App\\app\\Login\\connexion.tsx": {"path":"C:\\Users\\DÉVELOPPEUR\\.cursor\\Aro\\Arosaje\\App\\app\\Login\\connexion.tsx","statementMap":{"0":{"start":{"line":21,"column":35},"end":{"line":21,"column":60}},"1":{"start":{"line":22,"column":45},"end":{"line":22,"column":75}},"2":{"start":{"line":23,"column":44},"end":{"line":23,"column":65}},"3":{"start":{"line":24,"column":40},"end":{"line":24,"column":61}},"4":{"start":{"line":26,"column":4},"end":{"line":38,"column":11}},"5":{"start":{"line":27,"column":32},"end":{"line":35,"column":9}},"6":{"start":{"line":28,"column":32},"end":{"line":28,"column":67}},"7":{"start":{"line":29,"column":35},"end":{"line":29,"column":73}},"8":{"start":{"line":30,"column":12},"end":{"line":34,"column":11}},"9":{"start":{"line":31,"column":16},"end":{"line":31,"column":36}},"10":{"start":{"line":33,"column":14},"end":{"line":33,"column":35}},"11":{"start":{"line":37,"column":8},"end":{"line":37,"column":26}},"12":{"start":{"line":40,"column":19},"end":{"line":40,"column":49}},"13":{"start":{"line":42,"column":23},"end":{"line":42,"column":74}},"14":{"start":{"line":44,"column":24},"end":{"line":80,"column":5}},"15":{"start":{"line":45,"column":8},"end":{"line":79,"column":9}},"16":{"start":{"line":46,"column":28},"end":{"line":55,"column":13}},"17":{"start":{"line":57,"column":12},"end":{"line":63,"column":11}},"18":{"start":{"line":58,"column":14},"end":{"line":58,"column":57}},"19":{"start":{"line":59,"column":14},"end":{"line":59,"column":65}},"20":{"start":{"line":61,"column":14},"end":{"line":61,"column":53}},"21":{"start":{"line":62,"column":14},"end":{"line":62,"column":56}},"22":{"start":{"line":65,"column":29},"end":{"line":65,"column":73}},"23":{"start":{"line":66,"column":25},"end":{"line":66,"column":46}},"24":{"start":{"line":67,"column":12},"end":{"line":67,"column":40}},"25":{"start":{"line":68,"column":12},"end":{"line":76,"column":13}},"26":{"start":{"line":69,"column":16},"end":{"line":69,"column":71}},"27":{"start":{"line":70,"column":16},"end":{"line":70,"column":83}},"28":{"start":{"line":71,"column":16},"end":{"line":71,"column":67}},"29":{"start":{"line":72,"column":16},"end":{"line":72,"column":54}},"30":{"start":{"line":73,"column":16},"end":{"line":73,"column":46}},"31":{"start":{"line":75,"column":16},"end":{"line":75,"column":72}},"32":{"start":{"line":78,"column":12},"end":{"line":78,"column":84}},"33":{"start":{"line":82,"column":4},"end":{"line":98,"column":11}},"34":{"start":{"line":83,"column":27},"end":{"line":95,"column":9}},"35":{"start":{"line":84,"column":30},"end":{"line":84,"column":69}},"36":{"start":{"line":85,"column":32},"end":{"line":85,"column":67}},"37":{"start":{"line":86,"column":35},"end":{"line":86,"column":73}},"38":{"start":{"line":88,"column":12},"end":{"line":94,"column":13}},"39":{"start":{"line":89,"column":16},"end":{"line":89,"column":54}},"40":{"start":{"line":90,"column":16},"end":{"line":90,"column":46}},"41":{"start":{"line":91,"column":19},"end":{"line":94,"column":13}},"42":{"start":{"line":92,"column":12},"end":{"line":92,"column":39}},"43":{"start":{"line":93,"column":12},"end":{"line":93,"column":47}},"44":{"start":{"line":97,"column":8},"end":{"line":97,"column":21}},"45":{"start":{"line":100,"column":4},"end":{"line":179,"column":2}},"46":{"start":{"line":128,"column":38},"end":{"line":128,"column":68}},"47":{"start":{"line":135,"column":40},"end":{"line":135,"column":66}},"48":{"start":{"line":153,"column":70},"end":{"line":153,"column":84}},"49":{"start":{"line":160,"column":12},"end":{"line":160,"column":50}},"50":{"start":{"line":161,"column":12},"end":{"line":161,"column":47}},"51":{"start":{"line":169,"column":12},"end":{"line":169,"column":50}},"52":{"start":{"line":170,"column":12},"end":{"line":170,"column":51}},"53":{"start":{"line":182,"column":15},"end":{"line":279,"column":4}}},"fnMap":{"0":{"name":"ConnexionScreen","decl":{"start":{"line":20,"column":24},"end":{"line":20,"column":39}},"loc":{"start":{"line":20,"column":85},"end":{"line":180,"column":1}},"line":20},"1":{"name":"(anonymous_1)","decl":{"start":{"line":26,"column":14},"end":{"line":26,"column":15}},"loc":{"start":{"line":26,"column":20},"end":{"line":38,"column":5}},"line":26},"2":{"name":"(anonymous_2)","decl":{"start":{"line":27,"column":32},"end":{"line":27,"column":33}},"loc":{"start":{"line":27,"column":44},"end":{"line":35,"column":9}},"line":27},"3":{"name":"(anonymous_3)","decl":{"start":{"line":44,"column":24},"end":{"line":44,"column":25}},"loc":{"start":{"line":44,"column":36},"end":{"line":80,"column":5}},"line":44},"4":{"name":"(anonymous_4)","decl":{"start":{"line":82,"column":14},"end":{"line":82,"column":15}},"loc":{"start":{"line":82,"column":20},"end":{"line":98,"column":5}},"line":82},"5":{"name":"(anonymous_5)","decl":{"start":{"line":83,"column":27},"end":{"line":83,"column":28}},"loc":{"start":{"line":83,"column":39},"end":{"line":95,"column":9}},"line":83},"6":{"name":"(anonymous_6)","decl":{"start":{"line":128,"column":32},"end":{"line":128,"column":33}},"loc":{"start":{"line":128,"column":38},"end":{"line":128,"column":68}},"line":128},"7":{"name":"(anonymous_7)","decl":{"start":{"line":135,"column":34},"end":{"line":135,"column":35}},"loc":{"start":{"line":135,"column":40},"end":{"line":135,"column":66}},"line":135},"8":{"name":"(anonymous_8)","decl":{"start":{"line":153,"column":62},"end":{"line":153,"column":63}},"loc":{"start":{"line":153,"column":68},"end":{"line":153,"column":86}},"line":153},"9":{"name":"(anonymous_9)","decl":{"start":{"line":159,"column":28},"end":{"line":159,"column":29}},"loc":{"start":{"line":159,"column":34},"end":{"line":162,"column":9}},"line":159},"10":{"name":"(anonymous_10)","decl":{"start":{"line":168,"column":28},"end":{"line":168,"column":29}},"loc":{"start":{"line":168,"column":34},"end":{"line":171,"column":9}},"line":168}},"branchMap":{"0":{"loc":{"start":{"line":30,"column":12},"end":{"line":34,"column":11}},"type":"if","locations":[{"start":{"line":30,"column":12},"end":{"line":34,"column":11}},{"start":{"line":32,"column":19},"end":{"line":34,"column":11}}],"line":30},"1":{"loc":{"start":{"line":30,"column":16},"end":{"line":30,"column":45}},"type":"binary-expr","locations":[{"start":{"line":30,"column":16},"end":{"line":30,"column":27}},{"start":{"line":30,"column":31},"end":{"line":30,"column":45}}],"line":30},"2":{"loc":{"start":{"line":57,"column":12},"end":{"line":63,"column":11}},"type":"if","locations":[{"start":{"line":57,"column":12},"end":{"line":63,"column":11}},{"start":{"line":60,"column":17},"end":{"line":63,"column":11}}],"line":57},"3":{"loc":{"start":{"line":68,"column":12},"end":{"line":76,"column":13}},"type":"if","locations":[{"start":{"line":68,"column":12},"end":{"line":76,"column":13}},{"start":{"line":74,"column":19},"end":{"line":76,"column":13}}],"line":68},"4":{"loc":{"start":{"line":68,"column":16},"end":{"line":68,"column":41}},"type":"binary-expr","locations":[{"start":{"line":68,"column":16},"end":{"line":68,"column":28}},{"start":{"line":68,"column":32},"end":{"line":68,"column":41}}],"line":68},"5":{"loc":{"start":{"line":88,"column":12},"end":{"line":94,"column":13}},"type":"if","locations":[{"start":{"line":88,"column":12},"end":{"line":94,"column":13}},{"start":{"line":91,"column":19},"end":{"line":94,"column":13}}],"line":88},"6":{"loc":{"start":{"line":91,"column":19},"end":{"line":94,"column":13}},"type":"if","locations":[{"start":{"line":91,"column":19},"end":{"line":94,"column":13}},{"start":{},"end":{}}],"line":91},"7":{"loc":{"start":{"line":91,"column":23},"end":{"line":91,"column":52}},"type":"binary-expr","locations":[{"start":{"line":91,"column":23},"end":{"line":91,"column":34}},{"start":{"line":91,"column":38},"end":{"line":91,"column":52}}],"line":91},"8":{"loc":{"start":{"line":129,"column":17},"end":{"line":129,"column":143}},"type":"cond-expr","locations":[{"start":{"line":129,"column":32},"end":{"line":129,"column":81}},{"start":{"line":129,"column":84},"end":{"line":129,"column":143}}],"line":129}},"s":{"0":5,"1":5,"2":5,"3":5,"4":5,"5":5,"6":5,"7":5,"8":5,"9":0,"10":5,"11":5,"12":5,"13":5,"14":5,"15":0,"16":0,"17":0,"18":0,"19":0,"20":0,"21":0,"22":0,"23":0,"24":0,"25":0,"26":0,"27":0,"28":0,"29":0,"30":0,"31":0,"32":0,"33":5,"34":5,"35":5,"36":5,"37":5,"38":5,"39":0,"40":0,"41":5,"42":0,"43":0,"44":5,"45":5,"46":0,"47":0,"48":0,"49":2,"50":2,"51":0,"52":0,"53":2},"f":{"0":5,"1":5,"2":5,"3":0,"4":5,"5":5,"6":0,"7":0,"8":0,"9":2,"10":0},"b":{"0":[0,5],"1":[5,0],"2":[0,0],"3":[0,0],"4":[0,0],"5":[0,5],"6":[0,5],"7":[5,0],"8":[0,5]},"_coverageSchema":"1a1c01bbd47fc00a2c39e90264f33305004495a9","hash":"e153210180a0e1841d6951a0fd1f69a0e20ab2b3"}
,"C:\\Users\\DÉVELOPPEUR\\.cursor\\Aro\\Arosaje\\App\\app\\Login\\inscription.tsx": {"path":"C:\\Users\\DÉVELOPPEUR\\.cursor\\Aro\\Arosaje\\App\\app\\Login\\inscription.tsx","statementMap":{"0":{"start":{"line":29,"column":28},"end":{"line":29,"column":39}},"1":{"start":{"line":30,"column":36},"end":{"line":30,"column":48}},"2":{"start":{"line":31,"column":38},"end":{"line":31,"column":50}},"3":{"start":{"line":32,"column":30},"end":{"line":32,"column":42}},"4":{"start":{"line":33,"column":34},"end":{"line":33,"column":46}},"5":{"start":{"line":34,"column":30},"end":{"line":34,"column":42}},"6":{"start":{"line":35,"column":36},"end":{"line":35,"column":48}},"7":{"start":{"line":36,"column":50},"end":{"line":36,"column":62}},"8":{"start":{"line":37,"column":36},"end":{"line":37,"column":48}},"9":{"start":{"line":38,"column":44},"end":{"line":38,"column":58}},"10":{"start":{"line":39,"column":38},"end":{"line":39,"column":52}},"11":{"start":{"line":40,"column":50},"end":{"line":40,"column":62}},"12":{"start":{"line":41,"column":56},"end":{"line":41,"column":68}},"13":{"start":{"line":42,"column":52},"end":{"line":42,"column":67}},"14":{"start":{"line":43,"column":38},"end":{"line":43,"column":53}},"15":{"start":{"line":45,"column":23},"end":{"line":45,"column":56}},"16":{"start":{"line":46,"column":26},"end":{"line":46,"column":96}},"17":{"start":{"line":47,"column":23},"end":{"line":47,"column":33}},"18":{"start":{"line":49,"column":19},"end":{"line":49,"column":49}},"19":{"start":{"line":51,"column":23},"end":{"line":65,"column":5}},"20":{"start":{"line":52,"column":8},"end":{"line":64,"column":9}},"21":{"start":{"line":53,"column":12},"end":{"line":57,"column":13}},"22":{"start":{"line":54,"column":16},"end":{"line":54,"column":84}},"23":{"start":{"line":56,"column":16},"end":{"line":56,"column":27}},"24":{"start":{"line":58,"column":15},"end":{"line":64,"column":9}},"25":{"start":{"line":59,"column":12},"end":{"line":59,"column":23}},"26":{"start":{"line":60,"column":15},"end":{"line":64,"column":9}},"27":{"start":{"line":61,"column":12},"end":{"line":61,"column":23}},"28":{"start":{"line":62,"column":15},"end":{"line":64,"column":9}},"29":{"start":{"line":63,"column":12},"end":{"line":63,"column":23}},"30":{"start":{"line":67,"column":26},"end":{"line":95,"column":5}},"31":{"start":{"line":68,"column":8},"end":{"line":94,"column":9}},"32":{"start":{"line":69,"column":29},"end":{"line":77,"column":13}},"33":{"start":{"line":79,"column":12},"end":{"line":89,"column":19}},"34":{"start":{"line":86,"column":34},"end":{"line":86,"column":49}},"35":{"start":{"line":88,"column":20},"end":{"line":88,"column":38}},"36":{"start":{"line":90,"column":12},"end":{"line":90,"column":84}},"37":{"start":{"line":91,"column":12},"end":{"line":91,"column":52}},"38":{"start":{"line":93,"column":12},"end":{"line":93,"column":100}},"39":{"start":{"line":97,"column":31},"end":{"line":128,"column":5}},"40":{"start":{"line":98,"column":8},"end":{"line":98,"column":27}},"41":{"start":{"line":99,"column":25},"end":{"line":99,"column":75}},"42":{"start":{"line":100,"column":8},"end":{"line":104,"column":9}},"43":{"start":{"line":101,"column":12},"end":{"line":101,"column":70}},"44":{"start":{"line":102,"column":12},"end":{"line":102,"column":32}},"45":{"start":{"line":103,"column":12},"end":{"line":103,"column":19}},"46":{"start":{"line":106,"column":23},"end":{"line":106,"column":65}},"47":{"start":{"line":107,"column":40},"end":{"line":107,"column":55}},"48":{"start":{"line":109,"column":22},"end":{"line":109,"column":81}},"49":{"start":{"line":110,"column":8},"end":{"line":126,"column":9}},"50":{"start":{"line":111,"column":57},"end":{"line":111,"column":67}},"51":{"start":{"line":112,"column":32},"end":{"line":112,"column":78}},"52":{"start":{"line":113,"column":26},"end":{"line":113,"column":49}},"53":{"start":{"line":114,"column":30},"end":{"line":114,"column":38}},"54":{"start":{"line":115,"column":27},"end":{"line":115,"column":53}},"55":{"start":{"line":117,"column":12},"end":{"line":120,"column":13}},"56":{"start":{"line":118,"column":16},"end":{"line":118,"column":56}},"57":{"start":{"line":119,"column":16},"end":{"line":119,"column":54}},"58":{"start":{"line":122,"column":12},"end":{"line":122,"column":36}},"59":{"start":{"line":123,"column":12},"end":{"line":123,"column":34}},"60":{"start":{"line":124,"column":12},"end":{"line":124,"column":34}},"61":{"start":{"line":125,"column":12},"end":{"line":125,"column":31}},"62":{"start":{"line":127,"column":8},"end":{"line":127,"column":28}},"63":{"start":{"line":130,"column":29},"end":{"line":144,"column":5}},"64":{"start":{"line":131,"column":25},"end":{"line":131,"column":142}},"65":{"start":{"line":132,"column":21},"end":{"line":137,"column":11}},"66":{"start":{"line":132,"column":55},"end":{"line":137,"column":9}},"67":{"start":{"line":139,"column":8},"end":{"line":143,"column":9}},"68":{"start":{"line":140,"column":12},"end":{"line":140,"column":40}},"69":{"start":{"line":142,"column":12},"end":{"line":142,"column":37}},"70":{"start":{"line":146,"column":25},"end":{"line":152,"column":5}},"71":{"start":{"line":147,"column":8},"end":{"line":147,"column":30}},"72":{"start":{"line":147,"column":23},"end":{"line":147,"column":30}},"73":{"start":{"line":148,"column":25},"end":{"line":148,"column":141}},"74":{"start":{"line":149,"column":21},"end":{"line":149,"column":42}},"75":{"start":{"line":150,"column":8},"end":{"line":150,"column":38}},"76":{"start":{"line":151,"column":8},"end":{"line":151,"column":33}},"77":{"start":{"line":154,"column":28},"end":{"line":160,"column":5}},"78":{"start":{"line":155,"column":8},"end":{"line":155,"column":42}},"79":{"start":{"line":155,"column":35},"end":{"line":155,"column":42}},"80":{"start":{"line":156,"column":25},"end":{"line":156,"column":152}},"81":{"start":{"line":157,"column":21},"end":{"line":157,"column":42}},"82":{"start":{"line":158,"column":8},"end":{"line":158,"column":41}},"83":{"start":{"line":159,"column":8},"end":{"line":159,"column":36}},"84":{"start":{"line":162,"column":29},"end":{"line":184,"column":5}},"85":{"start":{"line":163,"column":8},"end":{"line":183,"column":20}},"86":{"start":{"line":166,"column":30},"end":{"line":166,"column":59}},"87":{"start":{"line":167,"column":34},"end":{"line":167,"column":42}},"88":{"start":{"line":168,"column":31},"end":{"line":168,"column":57}},"89":{"start":{"line":171,"column":16},"end":{"line":174,"column":17}},"90":{"start":{"line":172,"column":20},"end":{"line":172,"column":60}},"91":{"start":{"line":173,"column":20},"end":{"line":173,"column":58}},"92":{"start":{"line":176,"column":16},"end":{"line":176,"column":40}},"93":{"start":{"line":177,"column":16},"end":{"line":177,"column":38}},"94":{"start":{"line":178,"column":16},"end":{"line":178,"column":42}},"95":{"start":{"line":179,"column":16},"end":{"line":179,"column":39}},"96":{"start":{"line":186,"column":4},"end":{"line":375,"column":6}},"97":{"start":{"line":208,"column":32},"end":{"line":210,"column":33}},"98":{"start":{"line":209,"column":36},"end":{"line":209,"column":104}},"99":{"start":{"line":266,"column":32},"end":{"line":268,"column":33}},"100":{"start":{"line":267,"column":36},"end":{"line":267,"column":49}},"101":{"start":{"line":290,"column":32},"end":{"line":290,"column":49}},"102":{"start":{"line":291,"column":32},"end":{"line":291,"column":66}},"103":{"start":{"line":299,"column":52},"end":{"line":299,"column":65}},"104":{"start":{"line":308,"column":32},"end":{"line":308,"column":50}},"105":{"start":{"line":309,"column":32},"end":{"line":309,"column":63}},"106":{"start":{"line":350,"column":50},"end":{"line":350,"column":88}},"107":{"start":{"line":362,"column":155},"end":{"line":362,"column":165}},"108":{"start":{"line":378,"column":15},"end":{"line":466,"column":2}}},"fnMap":{"0":{"name":"InscriptionScreen","decl":{"start":{"line":28,"column":24},"end":{"line":28,"column":41}},"loc":{"start":{"line":28,"column":89},"end":{"line":376,"column":1}},"line":28},"1":{"name":"(anonymous_1)","decl":{"start":{"line":51,"column":23},"end":{"line":51,"column":24}},"loc":{"start":{"line":51,"column":29},"end":{"line":65,"column":5}},"line":51},"2":{"name":"(anonymous_2)","decl":{"start":{"line":67,"column":26},"end":{"line":67,"column":27}},"loc":{"start":{"line":67,"column":32},"end":{"line":95,"column":5}},"line":67},"3":{"name":"(anonymous_3)","decl":{"start":{"line":86,"column":22},"end":{"line":86,"column":23}},"loc":{"start":{"line":86,"column":34},"end":{"line":86,"column":49}},"line":86},"4":{"name":"(anonymous_4)","decl":{"start":{"line":87,"column":22},"end":{"line":87,"column":23}},"loc":{"start":{"line":87,"column":30},"end":{"line":89,"column":17}},"line":87},"5":{"name":"(anonymous_5)","decl":{"start":{"line":97,"column":31},"end":{"line":97,"column":32}},"loc":{"start":{"line":97,"column":43},"end":{"line":128,"column":5}},"line":97},"6":{"name":"(anonymous_6)","decl":{"start":{"line":130,"column":29},"end":{"line":130,"column":30}},"loc":{"start":{"line":130,"column":68},"end":{"line":144,"column":5}},"line":130},"7":{"name":"(anonymous_7)","decl":{"start":{"line":132,"column":39},"end":{"line":132,"column":40}},"loc":{"start":{"line":132,"column":55},"end":{"line":137,"column":9}},"line":132},"8":{"name":"(anonymous_8)","decl":{"start":{"line":146,"column":25},"end":{"line":146,"column":26}},"loc":{"start":{"line":146,"column":37},"end":{"line":152,"column":5}},"line":146},"9":{"name":"(anonymous_9)","decl":{"start":{"line":154,"column":28},"end":{"line":154,"column":29}},"loc":{"start":{"line":154,"column":40},"end":{"line":160,"column":5}},"line":154},"10":{"name":"(anonymous_10)","decl":{"start":{"line":162,"column":29},"end":{"line":162,"column":30}},"loc":{"start":{"line":163,"column":8},"end":{"line":183,"column":20}},"line":163},"11":{"name":"(anonymous_11)","decl":{"start":{"line":165,"column":21},"end":{"line":165,"column":22}},"loc":{"start":{"line":165,"column":27},"end":{"line":180,"column":13}},"line":165},"12":{"name":"(anonymous_12)","decl":{"start":{"line":207,"column":36},"end":{"line":207,"column":37}},"loc":{"start":{"line":207,"column":42},"end":{"line":211,"column":29}},"line":207},"13":{"name":"(anonymous_13)","decl":{"start":{"line":265,"column":36},"end":{"line":265,"column":37}},"loc":{"start":{"line":265,"column":42},"end":{"line":269,"column":29}},"line":265},"14":{"name":"(anonymous_14)","decl":{"start":{"line":289,"column":42},"end":{"line":289,"column":43}},"loc":{"start":{"line":289,"column":52},"end":{"line":292,"column":29}},"line":289},"15":{"name":"(anonymous_15)","decl":{"start":{"line":299,"column":42},"end":{"line":299,"column":43}},"loc":{"start":{"line":299,"column":52},"end":{"line":299,"column":65}},"line":299},"16":{"name":"(anonymous_16)","decl":{"start":{"line":307,"column":42},"end":{"line":307,"column":43}},"loc":{"start":{"line":307,"column":52},"end":{"line":310,"column":29}},"line":307},"17":{"name":"(anonymous_17)","decl":{"start":{"line":350,"column":44},"end":{"line":350,"column":45}},"loc":{"start":{"line":350,"column":50},"end":{"line":350,"column":88}},"line":350},"18":{"name":"(anonymous_18)","decl":{"start":{"line":362,"column":149},"end":{"line":362,"column":150}},"loc":{"start":{"line":362,"column":155},"end":{"line":362,"column":165}},"line":362}},"branchMap":{"0":{"loc":{"start":{"line":52,"column":8},"end":{"line":64,"column":9}},"type":"if","locations":[{"start":{"line":52,"column":8},"end":{"line":64,"column":9}},{"start":{"line":58,"column":15},"end":{"line":64,"column":9}}],"line":52},"1":{"loc":{"start":{"line":52,"column":12},"end":{"line":52,"column":56}},"type":"binary-expr","locations":[{"start":{"line":52,"column":12},"end":{"line":52,"column":22}},{"start":{"line":52,"column":26},"end":{"line":52,"column":34}},{"start":{"line":52,"column":38},"end":{"line":52,"column":47}},{"start":{"line":52,"column":51},"end":{"line":52,"column":56}}],"line":52},"2":{"loc":{"start":{"line":53,"column":12},"end":{"line":57,"column":13}},"type":"if","locations":[{"start":{"line":53,"column":12},"end":{"line":57,"column":13}},{"start":{"line":55,"column":19},"end":{"line":57,"column":13}}],"line":53},"3":{"loc":{"start":{"line":58,"column":15},"end":{"line":64,"column":9}},"type":"if","locations":[{"start":{"line":58,"column":15},"end":{"line":64,"column":9}},{"start":{"line":60,"column":15},"end":{"line"
[...]
0,"column":57}},"53":{"start":{"line":127,"column":25},"end":{"line":132,"column":14}},"54":{"start":{"line":133,"column":12},"end":{"line":137,"column":13}},"55":{"start":{"line":134,"column":26},"end":{"line":134,"column":46}},"56":{"start":{"line":135,"column":14},"end":{"line":135,"column":28}},"57":{"start":{"line":136,"column":14},"end":{"line":136,"column":55}},"58":{"start":{"line":145,"column":28},"end":{"line":154,"column":3}},"59":{"start":{"line":146,"column":4},"end":{"line":153,"column":5}},"60":{"start":{"line":147,"column":4},"end":{"line":147,"column":19}},"61":{"start":{"line":148,"column":4},"end":{"line":148,"column":23}},"62":{"start":{"line":149,"column":4},"end":{"line":149,"column":43}},"63":{"start":{"line":150,"column":4},"end":{"line":150,"column":43}},"64":{"start":{"line":152,"column":6},"end":{"line":152,"column":77}},"65":{"start":{"line":156,"column":27},"end":{"line":162,"column":3}},"66":{"start":{"line":157,"column":4},"end":{"line":161,"column":5}},"67":{"start":{"line":158,"column":4},"end":{"line":158,"column":26}},"68":{"start":{"line":160,"column":6},"end":{"line":160,"column":77}},"69":{"start":{"line":168,"column":2},"end":{"line":191,"column":4}},"70":{"start":{"line":194,"column":15},"end":{"line":221,"column":2}}},"fnMap":{"0":{"name":"PubPhoto","decl":{"start":{"line":19,"column":24},"end":{"line":19,"column":32}},"loc":{"start":{"line":19,"column":35},"end":{"line":192,"column":1}},"line":19},"1":{"name":"(anonymous_1)","decl":{"start":{"line":26,"column":12},"end":{"line":26,"column":13}},"loc":{"start":{"line":26,"column":18},"end":{"line":41,"column":3}},"line":26},"2":{"name":"(anonymous_2)","decl":{"start":{"line":27,"column":5},"end":{"line":27,"column":6}},"loc":{"start":{"line":27,"column":17},"end":{"line":40,"column":5}},"line":27},"3":{"name":"(anonymous_3)","decl":{"start":{"line":43,"column":24},"end":{"line":43,"column":25}},"loc":{"start":{"line":43,"column":36},"end":{"line":86,"column":3}},"line":43},"4":{"name":"(anonymous_4)","decl":{"start":{"line":88,"column":30},"end":{"line":88,"column":31}},"loc":{"start":{"line":88,"column":42},"end":{"line":96,"column":3}},"line":88},"5":{"name":"(anonymous_5)","decl":{"start":{"line":98,"column":25},"end":{"line":98,"column":26}},"loc":{"start":{"line":98,"column":37},"end":{"line":143,"column":3}},"line":98},"6":{"name":"(anonymous_6)","decl":{"start":{"line":105,"column":19},"end":{"line":105,"column":20}},"loc":{"start":{"line":105,"column":31},"end":{"line":122,"column":11}},"line":105},"7":{"name":"(anonymous_7)","decl":{"start":{"line":126,"column":19},"end":{"line":126,"column":20}},"loc":{"start":{"line":126,"column":31},"end":{"line":138,"column":11}},"line":126},"8":{"name":"(anonymous_8)","decl":{"start":{"line":145,"column":28},"end":{"line":145,"column":29}},"loc":{"start":{"line":145,"column":40},"end":{"line":154,"column":3}},"line":145},"9":{"name":"(anonymous_9)","decl":{"start":{"line":156,"column":27},"end":{"line":156,"column":28}},"loc":{"start":{"line":156,"column":39},"end":{"line":162,"column":3}},"line":156}},"branchMap":{"0":{"loc":{"start":{"line":29,"column":6},"end":{"line":31,"column":7}},"type":"if","locations":[{"start":{"line":29,"column":6},"end":{"line":31,"column":7}},{"start":{},"end":{}}],"line":29},"1":{"loc":{"start":{"line":34,"column":6},"end":{"line":36,"column":7}},"type":"if","locations":[{"start":{"line":34,"column":6},"end":{"line":36,"column":7}},{"start":{},"end":{}}],"line":34},"2":{"loc":{"start":{"line":37,"column":6},"end":{"line":39,"column":7}},"type":"if","locations":[{"start":{"line":37,"column":6},"end":{"line":39,"column":7}},{"start":{},"end":{}}],"line":37},"3":{"loc":{"start":{"line":45,"column":4},"end":{"line":85,"column":5}},"type":"if","locations":[{"start":{"line":45,"column":4},"end":{"line":85,"column":5}},{"start":{"line":83,"column":11},"end":{"line":85,"column":5}}],"line":45},"4":{"loc":{"start":{"line":64,"column":8},"end":{"line":70,"column":9}},"type":"if","locations":[{"start":{"line":64,"column":8},"end":{"line":70,"column":9}},{"start":{},"end":{}}],"line":64},"5":{"loc":{"start":{"line":65,"column":10},"end":{"line":69,"column":11}},"type":"if","locations":[{"start":{"line":65,"column":10},"end":{"line":69,"column":11}},{"start":{"line":67,"column":17},"end":{"line":69,"column":11}}],"line":65},"6":{"loc":{"start":{"line":74,"column":26},"end":{"line":74,"column":109}},"type":"binary-expr","locations":[{"start":{"line":74,"column":26},"end":{"line":74,"column":73}},{"start":{"line":74,"column":77},"end":{"line":74,"column":109}}],"line":74},"7":{"loc":{"start":{"line":89,"column":4},"end":{"line":95,"column":5}},"type":"if","locations":[{"start":{"line":89,"column":4},"end":{"line":95,"column":5}},{"start":{"line":93,"column":11},"end":{"line":95,"column":5}}],"line":89},"8":{"loc":{"start":{"line":90,"column":42},"end":{"line":90,"column":53}},"type":"binary-expr","locations":[{"start":{"line":90,"column":42},"end":{"line":90,"column":47}},{"start":{"line":90,"column":51},"end":{"line":90,"column":53}}],"line":90},"9":{"loc":{"start":{"line":91,"column":42},"end":{"line":91,"column":57}},"type":"binary-expr","locations":[{"start":{"line":91,"column":42},"end":{"line":91,"column":51}},{"start":{"line":91,"column":55},"end":{"line":91,"column":57}}],"line":91},"10":{"loc":{"start":{"line":92,"column":68},"end":{"line":92,"column":83}},"type":"binary-expr","locations":[{"start":{"line":92,"column":68},"end":{"line":92,"column":77}},{"start":{"line":92,"column":81},"end":{"line":92,"column":83}}],"line":92},"11":{"loc":{"start":{"line":107,"column":12},"end":{"line":121,"column":13}},"type":"if","locations":[{"start":{"line":107,"column":12},"end":{"line":121,"column":13}},{"start":{"line":119,"column":19},"end":{"line":121,"column":13}}],"line":107},"12":{"loc":{"start":{"line":114,"column":14},"end":{"line":118,"column":15}},"type":"if","locations":[{"start":{"line":114,"column":14},"end":{"line":118,"column":15}},{"start":{},"end":{}}],"line":114},"13":{"loc":{"start":{"line":133,"column":12},"end":{"line":137,"column":13}},"type":"if","locations":[{"start":{"line":133,"column":12},"end":{"line":137,"column":13}},{"start":{},"end":{}}],"line":133},"14":{"loc":{"start":{"line":146,"column":4},"end":{"line":153,"column":5}},"type":"if","locations":[{"start":{"line":146,"column":4},"end":{"line":153,"column":5}},{"start":{"line":151,"column":11},"end":{"line":153,"column":5}}],"line":146},"15":{"loc":{"start":{"line":146,"column":8},"end":{"line":146,"column":26}},"type":"binary-expr","locations":[{"start":{"line":146,"column":8},"end":{"line":146,"column":13}},{"start":{"line":146,"column":17},"end":{"line":146,"column":26}}],"line":146},"16":{"loc":{"start":{"line":157,"column":4},"end":{"line":161,"column":5}},"type":"if","locations":[{"start":{"line":157,"column":4},"end":{"line":161,"column":5}},{"start":{"line":159,"column":11},"end":{"line":161,"column":5}}],"line":157},"17":{"loc":{"start":{"line":170,"column":7},"end":{"line":189,"column":5}},"type":"cond-expr","locations":[{"start":{"line":171,"column":8},"end":{"line":186,"column":9}},{"start":{"line":188,"column":6},"end":{"line":188,"column":17}}],"line":170},"18":{"loc":{"start":{"line":183,"column":11},"end":{"line":183,"column":74}},"type":"binary-expr","locations":[{"start":{"line":183,"column":11},"end":{"line":183,"column":16}},{"start":{"line":183,"column":20},"end":{"line":183,"column":74}}],"line":183}},"s":{"0":0,"1":0,"2":0,"3":0,"4":0,"5":0,"6":0,"7":0,"8":0,"9":0,"10":0,"11":0,"12":0,"13":0,"14":0,"15":0,"16":0,"17":0,"18":0,"19":0,"20":0,"21":0,"22":0,"23":0,"24":0,"25":0,"26":0,"27":0,"28":0,"29":0,"30":0,"31":0,"32":0,"33":0,"34":0,"35":0,"36":0,"37":0,"38":0,"39":0,"40":0,"41":0,"42":0,"43":0,"44":0,"45":0,"46":0,"47":0,"48":0,"49":0,"50":0,"51":0,"52":0,"53":0,"54":0,"55":0,"56":0,"57":0,"58":0,"59":0,"60":0,"61":0,"62":0,"63":0,"64":0,"65":0,"66":0,"67":0,"68":0,"69":0,"70":1},"f":{"0":0,"1":0,"2":0,"3":0,"4":0,"5":0,"6":0,"7":0,"8":0,"9":0},"b":{"0":[0,0],"1":[0,0],"2":[0,0],"3":[0,0],"4":[0,0],"5":[0,0],"6":[0,0],"7":[0,0],"8":[0,0],"9":[0,0],"10":[0,0],"11":[0,0],"12":[0,0],"13":[0,0],"14":[0,0],"15":[0,0],"16":[0,0],"17":[0,0],"18":[0,0]},"_coverageSchema":"1a1c01bbd47fc00a2c39e90264f33305004495a9","hash":"3698b4e5ae17751ddc4c4aee89e95b7ffddfbe9e"}
,"C:\\Users\\DÉVELOPPEUR\\.cursor\\Aro\\Arosaje\\App\\app\\pubnav\\pubtitre.tsx": {"path":"C:\\Users\\DÉVELOPPEUR\\.cursor\\Aro\\Arosaje\\App\\app\\pubnav\\pubtitre.tsx","statementMap":{"0":{"start":{"line":17,"column":17},"end":{"line":102,"column":1}},"1":{"start":{"line":18,"column":21},"end":{"line":18,"column":63}},"2":{"start":{"line":19,"column":16},"end":{"line":19,"column":48}},"3":{"start":{"line":20,"column":28},"end":{"line":20,"column":40}},"4":{"start":{"line":21,"column":46},"end":{"line":21,"column":61}},"5":{"start":{"line":22,"column":36},"end":{"line":22,"column":50}},"6":{"start":{"line":24,"column":2},"end":{"line":26,"column":9}},"7":{"start":{"line":25,"column":4},"end":{"line":25,"column":16}},"8":{"start":{"line":28,"column":20},"end":{"line":39,"column":3}},"9":{"start":{"line":29,"column":4},"end":{"line":38,"column":5}},"10":{"start":{"line":30,"column":25},"end":{"line":30,"column":65}},"11":{"start":{"line":31,"column":6},"end":{"line":35,"column":7}},"12":{"start":{"line":32,"column":8},"end":{"line":32,"column":29}},"13":{"start":{"line":33,"column":8},"end":{"line":33,"column":32}},"14":{"start":{"line":34,"column":8},"end":{"line":34,"column":28}},"15":{"start":{"line":37,"column":6},"end":{"line":37,"column":66}},"16":{"start":{"line":41,"column":20},"end":{"line":47,"column":3}},"17":{"start":{"line":42,"column":4},"end":{"line":46,"column":5}},"18":{"start":{"line":43,"column":6},"end":{"line":43,"column":54}},"19":{"start":{"line":45,"column":6},"end":{"line":45,"column":69}},"20":{"start":{"line":49,"column":27},"end":{"line":58,"column":3}},"21":{"start":{"line":50,"column":4},"end":{"line":57,"column":5}},"22":{"start":{"line":51,"column":6},"end":{"line":51,"column":30}},"23":{"start":{"line":52,"column":6},"end":{"line":52,"column":26}},"24":{"start":{"line":53,"column":6},"end":{"line":53,"column":18}},"25":{"start":{"line":54,"column":6},"end":{"line":54,"column":73}},"26":{"start":{"line":56,"column":6},"end":{"line":56,"column":71}},"27":{"start":{"line":60,"column":21},"end":{"line":69,"column":3}},"28":{"start":{"line":61,"column":4},"end":{"line":68,"column":5}},"29":{"start":{"line":62,"column":6},"end":{"line":62,"column":50}},"30":{"start":{"line":63,"column":6},"end":{"line":63,"column":19}},"31":{"start":{"line":64,"column":6},"end":{"line":64,"column":31}},"32":{"start":{"line":65,"column":6},"end":{"line":65,"column":25}},"33":{"start":{"line":67,"column":6},"end":{"line":67,"column":81}},"34":{"start":{"line":71,"column":20},"end":{"line":73,"column":3}},"35":{"start":{"line":72,"column":4},"end":{"line":72,"column":23}},"36":{"start":{"line":75,"column":2},"end":{"line":101,"column":4}},"37":{"start":{"line":84,"column":36},"end":{"line":84,"column":50}},"38":{"start":{"line":104,"column":15},"end":{"line":135,"column":2}}},"fnMap":{"0":{"name":"(anonymous_0)","decl":{"start":{"line":17,"column":17},"end":{"line":17,"column":18}},"loc":{"start":{"line":17,"column":23},"end":{"line":102,"column":1}},"line":17},"1":{"name":"(anonymous_1)","decl":{"start":{"line":24,"column":12},"end":{"line":24,"column":13}},"loc":{"start":{"line":24,"column":18},"end":{"line":26,"column":3}},"line":24},"2":{"name":"(anonymous_2)","decl":{"start":{"line":28,"column":20},"end":{"line":28,"column":21}},"loc":{"start":{"line":28,"column":32},"end":{"line":39,"column":3}},"line":28},"3":{"name":"(anonymous_3)","decl":{"start":{"line":41,"column":20},"end":{"line":41,"column":21}},"loc":{"start":{"line":41,"column":32},"end":{"line":47,"column":3}},"line":41},"4":{"name":"(anonymous_4)","decl":{"start":{"line":49,"column":27},"end":{"line":49,"column":28}},"loc":{"start":{"line":49,"column":33},"end":{"line":58,"column":3}},"line":49},"5":{"name":"(anonymous_5)","decl":{"start":{"line":60,"column":21},"end":{"line":60,"column":22}},"loc":{"start":{"line":60,"column":33},"end":{"line":69,"column":3}},"line":60},"6":{"name":"(anonymous_6)","decl":{"start":{"line":71,"column":20},"end":{"line":71,"column":21}},"loc":{"start":{"line":71,"column":26},"end":{"line":73,"column":3}},"line":71},"7":{"name":"(anonymous_7)","decl":{"start":{"line":84,"column":28},"end":{"line":84,"column":29}},"loc":{"start":{"line":84,"column":36},"end":{"line":84,"column":50}},"line":84}},"branchMap":{"0":{"loc":{"start":{"line":31,"column":6},"end":{"line":35,"column":7}},"type":"if","locations":[{"start":{"line":31,"column":6},"end":{"line":35,"column":7}},{"start":{},"end":{}}],"line":31},"1":{"loc":{"start":{"line":50,"column":4},"end":{"line":57,"column":5}},"type":"if","locations":[{"start":{"line":50,"column":4},"end":{"line":57,"column":5}},{"start":{"line":55,"column":11},"end":{"line":57,"column":5}}],"line":50},"2":{"loc":{"start":{"line":77,"column":9},"end":{"line":77,"column":81}},"type":"cond-expr","locations":[{"start":{"line":77,"column":26},"end":{"line":77,"column":74}},{"start":{"line":77,"column":77},"end":{"line":77,"column":81}}],"line":77},"3":{"loc":{"start":{"line":78,"column":9},"end":{"line":90,"column":9}},"type":"binary-expr","locations":[{"start":{"line":78,"column":9},"end":{"line":78,"column":18}},{"start":{"line":79,"column":10},"end":{"line":89,"column":13}}],"line":78},"4":{"loc":{"start":{"line":91,"column":9},"end":{"line":95,"column":9}},"type":"binary-expr","locations":[{"start":{"line":91,"column":9},"end":{"line":91,"column":19}},{"start":{"line":92,"column":10},"end":{"line":94,"column":22}}],"line":91}},"s":{"0":2,"1":14,"2":14,"3":14,"4":14,"5":14,"6":14,"7":4,"8":14,"9":4,"10":4,"11":4,"12":2,"13":2,"14":2,"15":0,"16":14,"17":0,"18":0,"19":0,"20":14,"21":1,"22":0,"23":0,"24":0,"25":0,"26":1,"27":14,"28":1,"29":1,"30":1,"31":1,"32":1,"33":0,"34":14,"35":0,"36":14,"37":1,"38":2},"f":{"0":14,"1":4,"2":4,"3":0,"4":1,"5":1,"6":0,"7":1},"b":{"0":[2,2],"1":[0,1],"2":[5,9],"3":[14,10],"4":[14,4]},"_coverageSchema":"1a1c01bbd47fc00a2c39e90264f33305004495a9","hash":"7912f2ace57d2ea307aaf6f5673347ada8392655"}
,"C:\\Users\\DÉVELOPPEUR\\.cursor\\Aro\\Arosaje\\App\\assets\\images\\Arosaje.png": {"path":"C:\\Users\\DÉVELOPPEUR\\.cursor\\Aro\\Arosaje\\App\\assets\\images\\Arosaje.png","statementMap":{"0":{"start":{"line":1,"column":0},"end":{"line":1,"column":19}}},"fnMap":{},"branchMap":{},"s":{"0":1},"f":{},"b":{},"_coverageSchema":"1a1c01bbd47fc00a2c39e90264f33305004495a9","hash":"f904ec215f34367801de764378b5eaadf5c445c3"}
,"C:\\Users\\DÉVELOPPEUR\\.cursor\\Aro\\Arosaje\\App\\assets\\images\\deco.png": {"path":"C:\\Users\\DÉVELOPPEUR\\.cursor\\Aro\\Arosaje\\App\\assets\\images\\deco.png","statementMap":{"0":{"start":{"line":1,"column":0},"end":{"line":1,"column":19}}},"fnMap":{},"branchMap":{},"s":{"0":2},"f":{},"b":{},"_coverageSchema":"1a1c01bbd47fc00a2c39e90264f33305004495a9","hash":"f0cee712bbe0673c937737999cb401258f1e9587"}
,"C:\\Users\\DÉVELOPPEUR\\.cursor\\Aro\\Arosaje\\App\\components\\BigButtonDown.tsx": {"path":"C:\\Users\\DÉVELOPPEUR\\.cursor\\Aro\\Arosaje\\App\\components\\BigButtonDown.tsx","statementMap":{"0":{"start":{"line":4,"column":21},"end":{"line":4,"column":52}},"1":{"start":{"line":6,"column":22},"end":{"line":18,"column":1}},"2":{"start":{"line":7,"column":2},"end":{"line":17,"column":4}},"3":{"start":{"line":20,"column":15},"end":{"line":43,"column":2}}},"fnMap":{"0":{"name":"(anonymous_0)","decl":{"start":{"line":6,"column":22},"end":{"line":6,"column":23}},"loc":{"start":{"line":6,"column":154},"end":{"line":18,"column":1}},"line":6}},"branchMap":{"0":{"loc":{"start":{"line":9,"column":63},"end":{"line":9,"column":83}},"type":"binary-expr","locations":[{"start":{"line":9,"column":63},"end":{"line":9,"column":70}},{"start":{"line":9,"column":74},"end":{"line":9,"column":83}}],"line":9}},"s":{"0":8,"1":8,"2":41,"3":8},"f":{"0":41},"b":{"0":[41,41]},"_coverageSchema":"1a1c01bbd47fc00a2c39e90264f33305004495a9","hash":"8d4a9401d7253b97a1bb09a7a73cab516042cfac"}
,"C:\\Users\\DÉVELOPPEUR\\.cursor\\Aro\\Arosaje\\App\\components\\HeaderTitle.tsx": {"path":"C:\\Users\\DÉVELOPPEUR\\.cursor\\Aro\\Arosaje\\App\\components\\HeaderTitle.tsx","statementMap":{"0":{"start":{"line":4,"column":20},"end":{"line":10,"column":1}},"1":{"start":{"line":5,"column":2},"end":{"line":9,"column":4}},"2":{"start":{"line":12,"column":15},"end":{"line":25,"column":2}}},"fnMap":{"0":{"name":"(anonymous_0)","decl":{"start":{"line":4,"column":20},"end":{"line":4,"column":21}},"loc":{"start":{"line":4,"column":54},"end":{"line":10,"column":1}},"line":4}},"branchMap":{},"s":{"0":3,"1":9,"2":3},"f":{"0":9},"b":{},"_coverageSchema":"1a1c01bbd47fc00a2c39e90264f33305004495a9","hash":"f3a463bbd8982edc5db5fbc583d6c2d4b0c76a50"}
,"C:\\Users\\DÉVELOPPEUR\\.cursor\\Aro\\Arosaje\\App\\components\\ListDash.tsx": {"path":"C:\\Users\\DÉVELOPPEUR\\.cursor\\Aro\\Arosaje\\App\\components\\ListDash.tsx","statementMap":{"0":{"start":{"line":5,"column":17},"end":{"line":14,"column":1}},"1":{"start":{"line":6,"column":2},"end":{"line":13,"column":4}},"2":{"start":{"line":16,"column":15},"end":{"line":24,"column":4}}},"fnMap":{"0":{"name":"(anonymous_0)","decl":{"start":{"line":5,"column":17},"end":{"line":5,"column":18}},"loc":{"start":{"line":5,"column":92},"end":{"line":14,"column":1}},"line":5}},"branchMap":{},"s":{"0":2,"1":97,"2":2},"f":{"0":97},"b":{},"_coverageSchema":"1a1c01bbd47fc00a2c39e90264f33305004495a9","hash":"fabe61e631296994afe75e064ef5f3f0bef65274"}
,"C:\\Users\\DÉVELOPPEUR\\.cursor\\Aro\\Arosaje\\App\\components\\Loading.tsx": {"path":"C:\\Users\\DÉVELOPPEUR\\.cursor\\Aro\\Arosaje\\App\\components\\Loading.tsx","statementMap":{"0":{"start":{"line":4,"column":16},"end":{"line":8,"column":1}},"1":{"start":{"line":5,"column":4},"end":{"line":7,"column":11}},"2":{"start":{"line":10,"column":15},"end":{"line":16,"column":2}}},"fnMap":{"0":{"name":"(anonymous_0)","decl":{"start":{"line":4,"column":16},"end":{"line":4,"column":17}},"loc":{"start":{"line":5,"column":4},"end":{"line":7,"column":11}},"line":5}},"branchMap":{},"s":{"0":4,"1":1,"2":4},"f":{"0":1},"b":{},"_coverageSchema":"1a1c01bbd47fc00a2c39e90264f33305004495a9","hash":"f33e3ff82c321604e83141b9c9cd7485bf97c6de"}
,"C:\\Users\\DÉVELOPPEUR\\.cursor\\Aro\\Arosaje\\App\\components\\OpenLayersMap.tsx": {"path":"C:\\Users\\DÉVELOPPEUR\\.cursor\\Aro\\Arosaje\\App\\components\\OpenLayersMap.tsx","statementMap":{"0":{"start":{"line":11,"column":22},"end":{"line":130,"column":2}},"1":{"start":{"line":12,"column":25},"end":{"line":12,"column":48}},"2":{"start":{"line":14,"column":15},"end":{"line":114,"column":3}},"3":{"start":{"line":116,"column":2},"end":{"line":129,"column":4}},"4":{"start":{"line":122,"column":25},"end":{"line":122,"column":47}},"5":{"start":{"line":123,"column":8},"end":{"line":123,"column":53}},"6":{"start":{"line":124,"column":8},"end":{"line":126,"column":9}},"7":{"start":{"line":125,"column":10},"end":{"line":125,"column":34}}},"fnMap":{"0":{"name":"(anonymous_0)","decl":{"start":{"line":11,"column":33},"end":{"line":11,"column":34}},"loc":{"start":{"line":11,"column":111},"end":{"line":130,"column":1}},"line":11},"1":{"name":"(anonymous_1)","decl":{"start":{"line":121,"column":17},"end":{"line":121,"column":18}},"loc":{"start":{"line":121,"column":28},"end":{"line":127,"column":7}},"line":121}},"branchMap":{"0":{"loc":{"start":{"line":124,"column":8},"end":{"line":126,"column":9}},"type":"if","locations":[{"start":{"line":124,"column":8},"end":{"line":126,"column":9}},{"start":{},"end":{}}],"line":124}},"s":{"0":2,"1":3,"2":3,"3":3,"4":2,"5":2,"6":2,"7":2},"f":{"0":3,"1":2},"b":{"0":[2,0]},"_coverageSchema":"1a1c01bbd47fc00a2c39e90264f33305004495a9","hash":"d87461ac204dfc77a454882fddb7413f1022c684"}
}
