TN:
SF:app\index.tsx
FN:8,StartApp
FN:11,(anonymous_1)
FN:24,(anonymous_2)
FN:31,(anonymous_3)
FN:40,(anonymous_4)
FN:41,(anonymous_5)
FN:47,(anonymous_6)
FN:48,(anonymous_7)
FN:54,(anonymous_8)
FN:55,(anonymous_9)
FNF:10
FNH:8
FNDA:18,StartApp
FNDA:13,(anonymous_1)
FNDA:4,(anonymous_2)
FNDA:2,(anonymous_3)
FNDA:4,(anonymous_4)
FNDA:1,(anonymous_5)
FNDA:0,(anonymous_6)
FNDA:1,(anonymous_7)
FNDA:0,(anonymous_8)
FNDA:1,(anonymous_9)
DA:9,18
DA:11,18
DA:12,13
DA:13,8
DA:15,5
DA:19,18
DA:24,4
DA:31,2
DA:40,4
DA:41,1
DA:47,0
DA:48,1
DA:54,0
DA:55,1
DA:63,1
LF:15
LH:13
BRDA:12,0,0,8
BRDA:12,0,1,5
BRF:2
BRH:2
end_of_record
TN:
SF:app\(tabs)\logout.tsx
FN:8,App
FN:10,(anonymous_1)
FNF:2
FNH:2
FNDA:6,App
FNDA:1,(anonymous_1)
DA:10,6
DA:11,1
DA:12,0
DA:14,1
DA:15,1
DA:18,6
DA:34,2
LF:7
LH:6
BRDA:11,0,0,0
BRDA:11,0,1,1
BRF:2
BRH:1
end_of_record
TN:
SF:app\(tabs)\options.tsx
FN:24,OptionsScreen
FN:74,OptionsContent
FN:78,(anonymous_2)
FN:86,(anonymous_3)
FN:93,(anonymous_4)
FN:94,(anonymous_5)
FN:101,(anonymous_6)
FN:113,(anonymous_7)
FN:115,(anonymous_8)
FN:117,(anonymous_9)
FN:121,(anonymous_10)
FN:123,(anonymous_11)
FN:125,(anonymous_12)
FN:134,(anonymous_13)
FNF:14
FNH:8
FNDA:4,OptionsScreen
FNDA:8,OptionsContent
FNDA:6,(anonymous_2)
FNDA:4,(anonymous_3)
FNDA:4,(anonymous_4)
FNDA:4,(anonymous_5)
FNDA:2,(anonymous_6)
FNDA:1,(anonymous_7)
FNDA:0,(anonymous_8)
FNDA:0,(anonymous_9)
FNDA:0,(anonymous_10)
FNDA:0,(anonymous_11)
FNDA:0,(anonymous_12)
FNDA:0,(anonymous_13)
DA:22,1
DA:26,4
DA:75,8
DA:76,8
DA:78,8
DA:79,6
DA:80,6
DA:82,0
DA:86,8
DA:87,4
DA:88,4
DA:89,4
DA:93,8
DA:94,4
DA:95,4
DA:98,4
DA:101,8
DA:102,2
DA:103,2
DA:104,2
DA:105,2
DA:106,2
DA:107,2
DA:110,8
DA:113,1
DA:115,0
DA:117,0
DA:121,0
DA:123,0
DA:125,0
DA:134,0
DA:140,1
LF:32
LH:25
BRDA:79,0,0,6
BRDA:79,0,1,0
BRDA:88,1,0,4
BRDA:88,1,1,0
BRF:4
BRH:2
end_of_record
TN:
SF:app\(tabs)\publier.tsx
FN:53,PublierScreen
FN:103,PublierContent
FN:130,(anonymous_2)
FN:135,(anonymous_3)
FN:146,(anonymous_4)
FN:199,(anonymous_5)
FN:240,(anonymous_6)
FN:241,(anonymous_7)
FN:291,(anonymous_8)
FN:309,(anonymous_9)
FN:420,(anonymous_10)
FN:432,(anonymous_11)
FN:436,(anonymous_12)
FN:444,(anonymous_13)
FN:447,(anonymous_14)
FN:450,(anonymous_15)
FN:453,(anonymous_16)
FN:456,(anonymous_17)
FN:459,(anonymous_18)
FN:462,(anonymous_19)
FN:467,(anonymous_20)
FN:471,(anonymous_21)
FN:481,(anonymous_22)
FN:491,(anonymous_23)
FN:498,(anonymous_24)
FNF:25
FNH:10
FNDA:7,PublierScreen
FNDA:7,PublierContent
FNDA:1,(anonymous_2)
FNDA:0,(anonymous_3)
FNDA:0,(anonymous_4)
FNDA:0,(anonymous_5)
FNDA:7,(anonymous_6)
FNDA:7,(anonymous_7)
FNDA:7,(anonymous_8)
FNDA:7,(anonymous_9)
FNDA:7,(anonymous_10)
FNDA:7,(anonymous_11)
FNDA:0,(anonymous_12)
FNDA:0,(anonymous_13)
FNDA:0,(anonymous_14)
FNDA:0,(anonymous_15)
FNDA:0,(anonymous_16)
FNDA:0,(anonymous_17)
FNDA:0,(anonymous_18)
FNDA:0,(anonymous_19)
FNDA:1,(anonymous_20)
FNDA:0,(anonymous_21)
FNDA:0,(anonymous_22)
FNDA:0,(anonymous_23)
FNDA:0,(anonymous_24)
DA:19,1
DA:55,7
DA:104,7
DA:105,7
DA:106,7
DA:107,7
DA:108,7
DA:109,7
DA:110,7
DA:111,7
DA:112,7
DA:113,7
DA:114,7
DA:115,7
DA:116,7
DA:117,7
DA:118,7
DA:119,7
DA:120,7
DA:121,7
DA:122,7
DA:123,7
DA:125,7
DA:126,7
DA:128,7
DA:130,7
DA:131,1
DA:135,0
DA:146,7
DA:147,0
DA:148,0
DA:150,0
DA:151,0
DA:152,0
DA:153,0
DA:154,0
DA:157,0
DA:158,0
DA:159,0
DA:160,0
DA:161,0
DA:162,0
DA:163,0
DA:164,0
DA:165,0
DA:166,0
DA:167,0
DA:168,0
DA:169,0
DA:170,0
DA:176,0
DA:184,0
DA:185,0
DA:186,0
DA:187,0
DA:188,0
DA:190,0
DA:193,0
DA:195,0
DA:199,7
DA:200,0
DA:201,0
DA:202,0
DA:203,0
DA:204,0
DA:205,0
DA:206,0
DA:207,0
DA:208,0
DA:209,0
DA:210,0
DA:211,0
DA:212,0
DA:213,0
DA:214,0
DA:215,0
DA:216,0
DA:217,0
DA:218,0
DA:219,0
DA:220,0
DA:221,0
DA:222,0
DA:223,0
DA:224,0
DA:225,0
DA:226,0
DA:227,0
DA:228,0
DA:229,0
DA:230,0
DA:231,0
DA:232,0
DA:233,0
DA:234,0
DA:235,0
DA:236,0
DA:237,0
DA:240,7
DA:241,7
DA:242,7
DA:243,7
DA:244,7
DA:245,7
DA:246,7
DA:247,7
DA:248,7
DA:249,7
DA:250,7
DA:251,7
DA:252,7
DA:253,7
DA:254,7
DA:255,7
DA:256,7
DA:257,7
DA:258,7
DA:260,7
DA:270,7
DA:271,7
DA:272,7
DA:273,7
DA:274,7
DA:275,7
DA:276,7
DA:277,7
DA:278,7
DA:279,7
DA:280,7
DA:281,7
DA:282,7
DA:283,7
DA:284,7
DA:285,7
DA:286,7
DA:289,7
DA:291,7
DA:292,7
DA:293,7
DA:294,7
DA:302,7
DA:303,7
DA:306,7
DA:309,7
DA:310,7
DA:311,0
DA:312,0
DA:314,7
DA:315,0
DA:316,0
DA:318,7
DA:319,0
DA:320,0
DA:322,7
DA:323,0
DA:324,0
DA:326,7
DA:327,0
DA:328,0
DA:330,7
DA:331,0
DA:332,0
DA:334,7
DA:335,0
DA:336,0
DA:338,7
DA:339,0
DA:340,0
DA:342,7
DA:343,0
DA:344,0
DA:346,7
DA:347,0
DA:348,0
DA:350,7
DA:351,0
DA:352,0
DA:353,0
DA:354,0
DA:355,0
DA:358,7
DA:359,0
DA:360,0
DA:361,0
DA:362,0
DA:363,0
DA:364,0
DA:365,0
DA:368,7
DA:369,0
DA:370,0
DA:371,0
DA:372,0
DA:373,0
DA:376,7
DA:377,0
DA:378,0
DA:379,0
DA:380,0
DA:381,0
DA:382,0
DA:383,0
DA:386,7
DA:387,0
DA:388,0
DA:389,0
DA:390,0
DA:391,0
DA:394,7
DA:395,0
DA:396,0
DA:397,0
DA:398,0
DA:399,0
DA:402,7
DA:403,0
DA:404,0
DA:405,0
DA:406,0
DA:407,0
DA:410,7
DA:411,0
DA:412,0
DA:413,0
DA:414,0
DA:415,0
DA:420,7
DA:421,7
DA:423,7
DA:424,7
DA:425,7
DA:426,7
DA:427,7
DA:428,7
DA:429,7
DA:432,7
DA:433,7
DA:436,7
DA:437,0
DA:438,0
DA:441,7
DA:444,0
DA:447,0
DA:450,0
DA:453,0
DA:456,0
DA:459,0
DA:462,0
DA:467,1
DA:471,0
DA:482,0
DA:491,0
DA:498,0
DA:512,1
LF:254
LH:108
BRDA:147,0,0,0
BRDA:147,0,1,0
BRDA:152,1,0,0
BRDA:152,1,1,0
BRDA:185,2,0,0
BRDA:185,2,1,0
BRDA:270,3,0,0
BRDA:270,3,1,7
BRDA:271,4,0,0
BRDA:271,4,1,7
BRDA:272,5,0,0
BRDA:272,5,1,7
BRDA:273,6,0,0
BRDA:273,6,1,7
BRDA:274,7,0,0
BRDA:274,7,1,7
BRDA:275,8,0,0
BRDA:275,8,1,7
BRDA:276,9,0,0
BRDA:276,9,1,7
BRDA:277,10,0,0
BRDA:277,10,1,7
BRDA:278,11,0,0
BRDA:278,11,1,7
BRDA:279,12,0,0
BRDA:279,12,1,7
BRDA:280,13,0,0
BRDA:280,13,1,7
BRDA:281,14,0,0
BRDA:281,14,1,7
BRDA:282,15,0,0
BRDA:282,15,1,7
BRDA:283,16,0,0
BRDA:283,16,1,7
BRDA:284,17,0,0
BRDA:284,17,1,7
BRDA:285,18,0,0
BRDA:285,18,1,7
BRDA:286,19,0,0
BRDA:286,19,1,7
BRDA:292,20,0,7
BRDA:292,20,1,7
BRDA:295,21,0,7
BRDA:295,21,1,0
BRDA:295,21,2,0
BRDA:295,21,3,0
BRDA:295,21,4,0
BRDA:295,21,5,0
BRDA:295,22,0,0
BRDA:295,22,1,7
BRDA:296,23,0,0
BRDA:296,23,1,0
BRDA:297,24,0,0
BRDA:297,24,1,0
BRDA:298,25,0,0
BRDA:298,25,1,0
BRDA:299,26,0,0
BRDA:299,26,1,0
BRDA:300,27,0,0
BRDA:300,27,1,0
BRDA:302,28,0,0
BRDA:302,28,1,7
BRDA:303,29,0,0
BRDA:303,29,1,7
BRDA:310,30,0,0
BRDA:310,30,1,7
BRDA:314,31,0,0
BRDA:314,31,1,7
BRDA:318,32,0,0
BRDA:318,32,1,7
BRDA:322,33,0,0
BRDA:322,33,1,7
BRDA:326,34,0,0
BRDA:326,34,1,7
BRDA:330,35,0,0
BRDA:330,35,1,7
BRDA:334,36,0,0
BRDA:334,36,1,7
BRDA:338,37,0,0
BRDA:338,37,1,7
BRDA:342,38,0,0
BRDA:342,38,1,7
BRDA:346,39,0,0
BRDA:346,39,1,7
BRDA:350,40,0,0
BRDA:350,40,1,7
BRDA:353,41,0,0
BRDA:353,41,1,0
BRDA:358,42,0,0
BRDA:358,42,1,7
BRDA:361,43,0,0
BRDA:361,43,1,0
BRDA:368,44,0,0
BRDA:368,44,1,7
BRDA:371,45,0,0
BRDA:371,45,1,0
BRDA:376,46,0,0
BRDA:376,46,1,7
BRDA:379,47,0,0
BRDA:379,47,1,0
BRDA:386,48,0,0
BRDA:386,48,1,7
BRDA:389,49,0,0
BRDA:389,49,1,0
BRDA:394,50,0,0
BRDA:394,50,1,7
BRDA:397,51,0,0
BRDA:397,51,1,0
BRDA:402,52,0,0
BRDA:402,52,1,7
BRDA:405,53,0,0
BRDA:405,53,1,0
BRDA:410,54,0,0
BRDA:410,54,1,7
BRDA:413,55,0,0
BRDA:413,55,1,0
BRDA:421,56,0,7
BRDA:421,56,1,7
BRDA:423,57,0,0
BRDA:423,57,1,7
BRDA:424,58,0,0
BRDA:424,58,1,7
BRDA:425,59,0,0
BRDA:425,59,1,7
BRDA:426,60,0,0
BRDA:426,60,1,7
BRDA:427,61,0,0
BRDA:427,61,1,7
BRDA:428,62,0,0
BRDA:428,62,1,7
BRDA:429,63,0,0
BRDA:429,63,1,7
BRDA:433,64,0,7
BRDA:433,64,1,0
BRDA:433,64,2,0
BRDA:433,64,3,0
BRDA:433,64,4,0
BRDA:433,64,5,0
BRDA:445,65,0,0
BRDA:445,65,1,7
BRDA:445,66,0,0
BRDA:445,66,1,7
BRDA:447,67,0,0
BRDA:447,67,1,7
BRDA:447,68,0,0
BRDA:447,68,1,7
BRDA:448,69,0,0
BRDA:448,69,1,7
BRDA:448,70,0,0
BRDA:448,70,1,7
BRDA:450,71,0,0
BRDA:450,71,1,7
BRDA:451,72,0,0
BRDA:451,72,1,7
BRDA:451,73,0,0
BRDA:451,73,1,7
BRDA:453,74,0,0
BRDA:453,74,1,7
BRDA:454,75,0,0
BRDA:454,75,1,7
BRDA:454,76,0,0
BRDA:454,76,1,7
BRDA:456,77,0,0
BRDA:456,77,1,7
BRDA:457,78,0,0
BRDA:457,78,1,7
BRDA:457,79,0,0
BRDA:457,79,1,7
BRDA:460,80,0,0
BRDA:460,80,1,7
BRDA:460,81,0,0
BRDA:460,81,1,7
BRDA:462,82,0,0
BRDA:462,82,1,7
BRDA:463,83,0,0
BRDA:463,83,1,7
BRDA:463,84,0,0
BRDA:463,84,1,7
BRDA:471,85,0,0
BRDA:471,85,1,7
BRDA:493,86,0,0
BRDA:493,86,1,7
BRF:182
BRH:73
end_of_record
TN:
SF:app\Login\connexion.tsx
FN:20,ConnexionScreen
FN:26,(anonymous_1)
FN:27,(anonymous_2)
FN:44,(anonymous_3)
FN:82,(anonymous_4)
FN:83,(anonymous_5)
FN:128,(anonymous_6)
FN:135,(anonymous_7)
FN:153,(anonymous_8)
FN:159,(anonymous_9)
FN:168,(anonymous_10)
FNF:11
FNH:6
FNDA:5,ConnexionScreen
FNDA:5,(anonymous_1)
FNDA:5,(anonymous_2)
FNDA:0,(anonymous_3)
FNDA:5,(anonymous_4)
FNDA:5,(anonymous_5)
FNDA:0,(anonymous_6)
FNDA:0,(anonymous_7)
FNDA:0,(anonymous_8)
FNDA:2,(anonymous_9)
FNDA:0,(anonymous_10)
DA:21,5
DA:22,5
DA:23,5
DA:24,5
DA:26,5
DA:27,5
DA:28,5
DA:29,5
DA:30,5
DA:31,0
DA:33,5
DA:37,5
DA:40,5
DA:42,5
DA:44,5
DA:45,0
DA:46,0
DA:57,0
DA:58,0
DA:59,0
DA:61,0
DA:62,0
DA:65,0
DA:66,0
DA:67,0
DA:68,0
DA:69,0
DA:70,0
DA:71,0
DA:72,0
DA:73,0
DA:75,0
DA:78,0
DA:82,5
DA:83,5
DA:84,5
DA:85,5
DA:86,5
DA:88,5
DA:89,0
DA:90,0
DA:91,5
DA:92,0
DA:93,0
DA:97,5
DA:100,5
DA:128,0
DA:135,0
DA:153,0
DA:160,2
DA:161,2
DA:169,0
DA:170,0
DA:182,2
LF:54
LH:26
BRDA:30,0,0,0
BRDA:30,0,1,5
BRDA:30,1,0,5
BRDA:30,1,1,0
BRDA:57,2,0,0
BRDA:57,2,1,0
BRDA:68,3,0,0
BRDA:68,3,1,0
BRDA:68,4,0,0
BRDA:68,4,1,0
BRDA:88,5,0,0
BRDA:88,5,1,5
BRDA:91,6,0,0
BRDA:91,6,1,5
BRDA:91,7,0,5
BRDA:91,7,1,0
BRDA:129,8,0,0
BRDA:129,8,1,5
BRF:18
BRH:6
end_of_record
TN:
SF:app\Login\inscription.tsx
FN:28,InscriptionScreen
FN:51,(anonymous_1)
FN:67,(anonymous_2)
FN:86,(anonymous_3)
FN:87,(anonymous_4)
FN:97,(anonymous_5)
FN:130,(anonymous_6)
FN:132,(anonymous_7)
FN:146,(anonymous_8)
FN:154,(anonymous_9)
FN:162,(anonymous_10)
FN:165,(anonymous_11)
FN:207,(anonymous_12)
FN:265,(anonymous_13)
FN:289,(anonymous_14)
FN:299,(anonymous_15)
FN:307,(anonymous_16)
FN:350,(anonymous_17)
FN:362,(anonymous_18)
FNF:19
FNH:2
FNDA:4,InscriptionScreen
FNDA:1,(anonymous_1)
FNDA:0,(anonymous_2)
FNDA:0,(anonymous_3)
FNDA:0,(anonymous_4)
FNDA:0,(anonymous_5)
FNDA:0,(anonymous_6)
FNDA:0,(anonymous_7)
FNDA:0,(anonymous_8)
FNDA:0,(anonymous_9)
FNDA:0,(anonymous_10)
FNDA:0,(anonymous_11)
FNDA:0,(anonymous_12)
FNDA:0,(anonymous_13)
FNDA:0,(anonymous_14)
FNDA:0,(anonymous_15)
FNDA:0,(anonymous_16)
FNDA:0,(anonymous_17)
FNDA:0,(anonymous_18)
DA:29,4
DA:30,4
DA:31,4
DA:32,4
DA:33,4
DA:34,4
DA:35,4
DA:36,4
DA:37,4
DA:38,4
DA:39,4
DA:40,4
DA:41,4
DA:42,4
DA:43,4
DA:45,4
DA:46,4
DA:47,4
DA:49,4
DA:51,4
DA:52,1
DA:53,0
DA:54,0
DA:56,0
DA:58,1
DA:59,0
DA:60,1
DA:61,0
DA:62,1
DA:63,0
DA:67,4
DA:68,0
DA:69,0
DA:79,0
DA:86,0
DA:88,0
DA:90,0
DA:91,0
DA:93,0
DA:97,4
DA:98,0
DA:99,0
DA:100,0
DA:101,0
DA:102,0
DA:103,0
DA:106,0
DA:107,0
DA:109,0
DA:110,0
DA:111,0
DA:112,0
DA:113,0
DA:114,0
DA:115,0
DA:117,0
DA:118,0
DA:119,0
DA:122,0
DA:123,0
DA:124,0
DA:125,0
DA:127,0
DA:130,4
DA:131,0
DA:132,0
DA:139,0
DA:140,0
DA:142,0
DA:146,4
DA:147,0
DA:148,0
DA:149,0
DA:150,0
DA:151,0
DA:154,4
DA:155,0
DA:156,0
DA:157,0
DA:158,0
DA:159,0
DA:162,4
DA:163,0
DA:166,0
DA:167,0
DA:168,0
DA:171,0
DA:172,0
DA:173,0
DA:176,0
DA:177,0
DA:178,0
DA:179,0
DA:186,4
DA:208,0
DA:209,0
DA:266,0
DA:267,0
DA:290,0
DA:291,0
DA:299,0
DA:308,0
DA:309,0
DA:350,0
DA:362,0
DA:378,2
LF:106
LH:32
BRDA:52,0,0,0
BRDA:52,0,1,1
BRDA:52,1,0,1
BRDA:52,1,1,1
BRDA:52,1,2,0
BRDA:52,1,3,0
BRDA:53,2,0,0
BRDA:53,2,1,0
BRDA:58,3,0,0
BRDA:58,3,1,1
BRDA:58,4,0,1
BRDA:58,4,1,0
BRDA:58,4,2,0
BRDA:58,4,3,0
BRDA:58,4,4,0
BRDA:60,5,0,0
BRDA:60,5,1,1
BRDA:60,6,0,1
BRDA:60,6,1,0
BRDA:60,6,2,0
BRDA:62,7,0,0
BRDA:62,7,1,1
BRDA:62,8,0,1
BRDA:62,8,1,0
BRDA:62,8,2,0
BRDA:62,8,3,0
BRDA:62,8,4,0
BRDA:68,9,0,0
BRDA:68,9,1,0
BRDA:68,10,0,0
BRDA:68,10,1,0
BRDA:100,11,0,0
BRDA:100,11,1,0
BRDA:110,12,0,0
BRDA:110,12,1,0
BRDA:117,13,0,0
BRDA:117,13,1,0
BRDA:139,14,0,0
BRDA:139,14,1,0
BRDA:147,15,0,0
BRDA:147,15,1,0
BRDA:155,16,0,0
BRDA:155,16,1,0
BRDA:155,17,0,0
BRDA:155,17,1,0
BRDA:171,18,0,0
BRDA:171,18,1,0
BRDA:191,19,0,4
BRDA:191,19,1,4
BRDA:208,20,0,0
BRDA:208,20,1,0
BRDA:208,21,0,0
BRDA:208,21,1,0
BRDA:224,22,0,4
BRDA:224,22,1,0
BRDA:255,23,0,4
BRDA:255,23,1,0
BRDA:266,24,0,0
BRDA:266,24,1,0
BRDA:282,25,0,4
BRDA:282,25,1,0
BRDA:293,26,0,0
BRDA:293,26,1,0
BRDA:311,27,0,0
BRDA:311,27,1,0
BRDA:322,28,0,0
BRDA:322,28,1,0
BRDA:339,29,0,4
BRDA:339,29,1,0
BRF:69
BRH:15
end_of_record
TN:
SF:app\Login\mdpoublie.tsx
FN:11,Support
FN:16,(anonymous_1)
FN:48,(anonymous_2)
FNF:3
FNH:2
FNDA:5,Support
FNDA:1,(anonymous_1)
FNDA:0,(anonymous_2)
DA:12,5
DA:13,5
DA:14,5
DA:16,5
DA:17,1
DA:18,1
DA:19,1
DA:21,0
DA:22,0
DA:23,0
DA:24,0
DA:25,0
DA:28,5
DA:48,0
DA:69,3
DA:101,3
LF:16
LH:10
BRDA:17,0,0,1
BRDA:17,0,1,0
BRDA:17,1,0,1
BRDA:17,1,1,0
BRDA:17,1,2,0
BRDA:48,2,0,0
BRDA:48,2,1,0
BRF:7
BRH:2
end_of_record
TN:
SF:app\actunav\actufiltre.tsx
FN:16,ActuFiltre
FN:35,(anonymous_1)
FN:36,(anonymous_2)
FN:43,(anonymous_3)
FN:56,(anonymous_4)
FN:63,(anonymous_5)
FN:88,(anonymous_6)
FN:111,(anonymous_7)
FN:121,(anonymous_8)
FN:124,(anonymous_9)
FN:127,(anonymous_10)
FN:132,(anonymous_11)
FN:140,(anonymous_12)
FN:146,(anonymous_13)
FN:152,(anonymous_14)
FN:164,(anonymous_15)
FN:170,(anonymous_16)
FN:182,(anonymous_17)
FN:200,(anonymous_18)
FN:212,(anonymous_19)
FN:218,(anonymous_20)
FN:230,(anonymous_21)
FNF:22
FNH:5
FNDA:2,ActuFiltre
FNDA:2,(anonymous_1)
FNDA:2,(anonymous_2)
FNDA:0,(anonymous_3)
FNDA:2,(anonymous_4)
FNDA:0,(anonymous_5)
FNDA:1,(anonymous_6)
FNDA:0,(anonymous_7)
FNDA:0,(anonymous_8)
FNDA:0,(anonymous_9)
FNDA:0,(anonymous_10)
FNDA:0,(anonymous_11)
FNDA:0,(anonymous_12)
FNDA:0,(anonymous_13)
FNDA:0,(anonymous_14)
FNDA:0,(anonymous_15)
FNDA:0,(anonymous_16)
FNDA:0,(anonymous_17)
FNDA:0,(anonymous_18)
FNDA:0,(anonymous_19)
FNDA:0,(anonymous_20)
FNDA:0,(anonymous_21)
DA:17,2
DA:18,2
DA:19,2
DA:20,2
DA:22,2
DA:23,2
DA:24,2
DA:27,2
DA:30,2
DA:31,2
DA:32,2
DA:33,2
DA:35,2
DA:36,2
DA:37,2
DA:38,2
DA:39,2
DA:42,0
DA:43,0
DA:47,0
DA:49,0
DA:50,0
DA:52,0
DA:56,2
DA:57,2
DA:58,2
DA:59,2
DA:62,0
DA:63,0
DA:69,0
DA:71,0
DA:75,0
DA:80,0
DA:84,2
DA:85,2
DA:88,2
DA:89,1
DA:90,1
DA:91,1
DA:94,0
DA:95,0
DA:97,0
DA:98,0
DA:99,0
DA:100,0
DA:101,0
DA:103,0
DA:111,2
DA:112,0
DA:113,0
DA:114,0
DA:115,0
DA:116,0
DA:117,0
DA:121,2
DA:122,0
DA:123,0
DA:124,0
DA:127,2
DA:128,0
DA:129,0
DA:130,0
DA:132,0
DA:133,0
DA:138,2
DA:140,0
DA:146,0
DA:152,0
DA:164,0
DA:170,0
DA:183,0
DA:200,0
DA:212,0
DA:218,0
DA:230,0
DA:280,1
DA:360,1
LF:77
LH:33
BRDA:65,0,0,0
BRDA:65,0,1,0
BRDA:67,1,0,0
BRDA:67,1,1,0
BRDA:89,2,0,1
BRDA:89,2,1,0
BRDA:89,3,0,1
BRDA:89,3,1,1
BRDA:89,3,2,1
BRDA:89,3,3,1
BRDA:97,4,0,0
BRDA:97,4,1,0
BRDA:98,5,0,0
BRDA:98,5,1,0
BRDA:99,6,0,0
BRDA:99,6,1,0
BRDA:100,7,0,0
BRDA:100,7,1,0
BRDA:112,8,0,0
BRDA:112,8,1,0
BRDA:115,9,0,0
BRDA:115,9,1,0
BRDA:123,10,0,0
BRDA:123,10,1,0
BRDA:128,11,0,0
BRDA:128,11,1,0
BRDA:146,12,0,0
BRDA:146,12,1,0
BRDA:153,13,0,0
BRDA:153,13,1,2
BRDA:154,14,0,0
BRDA:154,14,1,2
BRDA:157,15,0,2
BRDA:157,15,1,0
BRDA:177,16,0,0
BRDA:177,16,1,0
BRDA:201,17,0,0
BRDA:201,17,1,2
BRDA:202,18,0,0
BRDA:202,18,1,2
BRDA:205,19,0,2
BRDA:205,19,1,0
BRDA:225,20,0,0
BRDA:225,20,1,0
BRDA:259,21,0,2
BRDA:259,21,1,0
BRDA:264,22,0,2
BRDA:264,22,1,0
BRF:48
BRH:13
end_of_record
TN:
SF:app\actunav\actumap.tsx
FN:16,ActuMap
FN:23,(anonymous_1)
FN:24,(anonymous_2)
FN:37,(anonymous_3)
FN:52,(anonymous_4)
FN:53,(anonymous_5)
FN:64,(anonymous_6)
FN:73,(anonymous_7)
FN:101,(anonymous_8)
FNF:9
FNH:4
FNDA:3,ActuMap
FNDA:1,(anonymous_1)
FNDA:1,(anonymous_2)
FNDA:1,(anonymous_3)
FNDA:0,(anonymous_4)
FNDA:0,(anonymous_5)
FNDA:0,(anonymous_6)
FNDA:0,(anonymous_7)
FNDA:0,(anonymous_8)
DA:17,3
DA:18,2
DA:19,2
DA:20,2
DA:21,2
DA:23,2
DA:24,1
DA:25,1
DA:26,1
DA:27,0
DA:28,0
DA:31,1
DA:32,1
DA:33,1
DA:37,2
DA:38,1
DA:39,1
DA:47,1
DA:48,1
DA:49,0
DA:51,0
DA:52,0
DA:53,0
DA:54,0
DA:55,0
DA:56,0
DA:62,0
DA:64,0
DA:66,0
DA:69,1
DA:73,2
DA:74,0
DA:75,0
DA:77,0
DA:78,0
DA:79,0
DA:80,0
DA:81,0
DA:83,0
DA:84,0
DA:87,0
DA:88,0
DA:92,2
DA:102,0
DA:103,0
DA:114,1
LF:46
LH:21
BRDA:21,0,0,2
BRDA:21,0,1,2
BRDA:26,1,0,0
BRDA:26,1,1,1
BRDA:43,2,0,1
BRDA:43,2,1,1
BRDA:51,3,0,0
BRDA:51,3,1,0
BRDA:51,4,0,0
BRDA:51,4,1,0
BRDA:52,5,0,0
BRDA:52,5,1,0
BRDA:55,6,0,0
BRDA:55,6,1,0
BRDA:79,7,0,0
BRDA:79,7,1,0
BRDA:79,8,0,0
BRDA:79,8,1,0
BRDA:95,9,0,1
BRDA:95,9,1,1
BRF:20
BRH:7
end_of_record
TN:
SF:app\optnav\botaniste.tsx
FN:4,Botaniste
FNF:1
FNH:1
FNDA:1,Botaniste
DA:6,1
LF:1
LH:1
BRF:0
BRH:0
end_of_record
TN:
SF:app\optnav\donnees.tsx
FN:4,DonneesPersonnelles
FNF:1
FNH:0
FNDA:0,DonneesPersonnelles
DA:5,0
DA:30,1
LF:2
LH:1
BRF:0
BRH:0
end_of_record
TN:
SF:app\optnav\infoleg.tsx
FN:4,InfoLeg
FNF:1
FNH:1
FNDA:3,InfoLeg
DA:5,3
DA:18,2
LF:2
LH:2
BRF:0
BRH:0
end_of_record
TN:
SF:app\optnav\infoperso.tsx
FN:5,InfoPerso
FN:15,(anonymous_1)
FN:26,(anonymous_2)
FN:27,(anonymous_3)
FN:37,(anonymous_4)
FN:42,(anonymous_5)
FNF:6
FNH:6
FNDA:8,InfoPerso
FNDA:2,(anonymous_1)
FNDA:1,(anonymous_2)
FNDA:1,(anonymous_3)
FNDA:1,(anonymous_4)
FNDA:2,(anonymous_5)
DA:6,8
DA:7,8
DA:8,8
DA:9,8
DA:10,8
DA:11,8
DA:13,8
DA:15,8
DA:16,2
DA:17,2
DA:25,2
DA:26,1
DA:28,1
DA:29,1
DA:30,1
DA:31,1
DA:32,1
DA:33,1
DA:34,1
DA:38,1
DA:42,8
DA:43,2
DA:46,8
DA:101,2
LF:24
LH:24
BRDA:21,0,0,2
BRDA:21,0,1,1
BRDA:28,1,0,1
BRDA:28,1,1,0
BRF:4
BRH:3
end_of_record
TN:
SF:app\optnav\notif.tsx
FN:8,Notif
FN:16,(anonymous_1)
FN:26,(anonymous_2)
FN:33,(anonymous_3)
FN:38,(anonymous_4)
FN:43,(anonymous_5)
FN:57,(anonymous_6)
FN:68,(anonymous_7)
FN:79,(anonymous_8)
FNF:9
FNH:5
FNDA:11,Notif
FNDA:11,(anonymous_1)
FNDA:1,(anonymous_2)
FNDA:11,(anonymous_3)
FNDA:1,(anonymous_4)
FNDA:0,(anonymous_5)
FNDA:0,(anonymous_6)
FNDA:0,(anonymous_7)
FNDA:0,(anonymous_8)
DA:9,11
DA:11,11
DA:12,11
DA:13,11
DA:16,11
DA:17,11
DA:18,11
DA:19,11
DA:20,11
DA:21,11
DA:22,11
DA:26,11
DA:27,1
DA:28,1
DA:29,1
DA:33,11
DA:34,11
DA:38,11
DA:39,1
DA:40,1
DA:43,11
DA:44,0
DA:45,0
DA:46,0
DA:49,11
DA:57,0
DA:68,0
DA:79,0
DA:98,2
LF:29
LH:23
BRDA:20,0,0,0
BRDA:20,0,1,11
BRDA:21,1,0,0
BRDA:21,1,1,11
BRDA:22,2,0,0
BRDA:22,2,1,11
BRDA:44,3,0,0
BRDA:44,3,1,0
BRDA:45,4,0,0
BRDA:45,4,1,0
BRDA:46,5,0,0
BRDA:46,5,1,0
BRF:12
BRH:3
end_of_record
TN:
SF:app\optnav\question.tsx
FN:4,Question
FN:12,(anonymous_1)
FNF:2
FNH:2
FNDA:3,Question
FNDA:6,(anonymous_1)
DA:5,3
DA:10,3
DA:13,6
DA:22,2
LF:4
LH:4
BRF:0
BRH:0
end_of_record
TN:
SF:app\optnav\secucompte.tsx
FN:5,SecuCompte
FN:16,(anonymous_1)
FN:17,(anonymous_2)
FN:31,(anonymous_3)
FN:56,(anonymous_4)
FNF:5
FNH:0
FNDA:0,SecuCompte
FNDA:0,(anonymous_1)
FNDA:0,(anonymous_2)
FNDA:0,(anonymous_3)
FNDA:0,(anonymous_4)
DA:6,0
DA:7,0
DA:8,0
DA:9,0
DA:10,0
DA:12,0
DA:14,0
DA:16,0
DA:17,0
DA:18,0
DA:19,0
DA:20,0
DA:21,0
DA:24,0
DA:28,0
DA:31,0
DA:32,0
DA:33,0
DA:44,0
DA:46,0
DA:47,0
DA:49,0
DA:52,0
DA:56,0
DA:57,0
DA:58,0
DA:59,0
DA:62,0
DA:63,0
DA:64,0
DA:67,0
DA:68,0
DA:69,0
DA:81,0
DA:83,0
DA:84,0
DA:85,0
DA:86,0
DA:87,0
DA:89,0
DA:92,0
DA:96,0
DA:148,1
LF:43
LH:1
BRDA:20,0,0,0
BRDA:20,0,1,0
BRDA:46,1,0,0
BRDA:46,1,1,0
BRDA:57,2,0,0
BRDA:57,2,1,0
BRDA:62,3,0,0
BRDA:62,3,1,0
BRDA:73,4,0,0
BRDA:73,4,1,0
BRDA:83,5,0,0
BRDA:83,5,1,0
BRDA:120,6,0,0
BRDA:120,6,1,0
BRF:14
BRH:0
end_of_record
TN:
SF:app\pubnav\pubdate.tsx
FN:20,PubDate
FN:28,(anonymous_1)
FN:67,(anonymous_2)
FN:75,(anonymous_3)
FNF:4
FNH:1
FNDA:3,PubDate
FNDA:0,(anonymous_1)
FNDA:0,(anonymous_2)
FNDA:0,(anonymous_3)
DA:21,3
DA:22,3
DA:23,3
DA:24,3
DA:26,3
DA:28,3
DA:29,0
DA:30,0
DA:33,0
DA:34,0
DA:35,0
DA:36,0
DA:37,0
DA:38,0
DA:40,0
DA:43,0
DA:44,0
DA:48,3
DA:50,3
DA:51,0
DA:53,3
DA:54,0
DA:56,3
DA:57,0
DA:58,0
DA:59,0
DA:60,0
DA:61,0
DA:63,0
DA:67,3
DA:68,0
DA:69,0
DA:71,0
DA:75,3
DA:76,0
DA:77,0
DA:80,3
DA:98,2
LF:38
LH:14
BRDA:29,0,0,0
BRDA:29,0,1,0
BRDA:33,1,0,0
BRDA:33,1,1,0
BRDA:33,2,0,0
BRDA:33,2,1,0
BRDA:33,2,2,0
BRDA:36,3,0,0
BRDA:36,3,1,0
BRDA:37,4,0,0
BRDA:37,4,1,0
BRDA:50,5,0,0
BRDA:50,5,1,3
BRDA:53,6,0,0
BRDA:53,6,1,3
BRDA:53,7,0,3
BRDA:53,7,1,0
BRDA:56,8,0,0
BRDA:56,8,1,3
BRDA:56,9,0,3
BRDA:56,9,1,0
BRDA:56,9,2,0
BRDA:60,10,0,0
BRDA:60,10,1,0
BRDA:60,11,0,0
BRDA:60,11,1,0
BRDA:68,12,0,0
BRDA:68,12,1,0
BRDA:68,13,0,0
BRDA:68,13,1,0
BRDA:91,14,0,0
BRDA:91,14,1,3
BRDA:92,15,0,0
BRDA:92,15,1,3
BRDA:92,16,0,0
BRDA:92,16,1,3
BRF:36
BRH:8
end_of_record
TN:
SF:app\pubnav\pubdesc.tsx
FN:17,PubDesc
FN:24,(anonymous_1)
FN:28,(anonymous_2)
FN:41,(anonymous_3)
FN:49,(anonymous_4)
FN:60,(anonymous_5)
FN:71,(anonymous_6)
FN:86,(anonymous_7)
FNF:8
FNH:0
FNDA:0,PubDesc
FNDA:0,(anonymous_1)
FNDA:0,(anonymous_2)
FNDA:0,(anonymous_3)
FNDA:0,(anonymous_4)
FNDA:0,(anonymous_5)
FNDA:0,(anonymous_6)
FNDA:0,(anonymous_7)
DA:18,0
DA:19,0
DA:20,0
DA:21,0
DA:22,0
DA:24,0
DA:25,0
DA:28,0
DA:29,0
DA:30,0
DA:31,0
DA:32,0
DA:33,0
DA:34,0
DA:37,0
DA:41,0
DA:42,0
DA:43,0
DA:45,0
DA:49,0
DA:50,0
DA:51,0
DA:52,0
DA:53,0
DA:54,0
DA:56,0
DA:60,0
DA:61,0
DA:62,0
DA:63,0
DA:64,0
DA:65,0
DA:67,0
DA:71,0
DA:72,0
DA:75,0
DA:86,0
DA:107,1
LF:38
LH:1
BRDA:31,0,0,0
BRDA:31,0,1,0
BRDA:50,1,0,0
BRDA:50,1,1,0
BRDA:78,2,0,0
BRDA:78,2,1,0
BRDA:79,3,0,0
BRDA:79,3,1,0
BRDA:93,4,0,0
BRDA:93,4,1,0
BRF:10
BRH:0
end_of_record
TN:
SF:app\pubnav\pubentretien.tsx
FN:17,PubEntretien
FN:24,(anonymous_1)
FN:28,(anonymous_2)
FN:41,(anonymous_3)
FN:49,(anonymous_4)
FN:60,(anonymous_5)
FN:71,(anonymous_6)
FN:86,(anonymous_7)
FNF:8
FNH:0
FNDA:0,PubEntretien
FNDA:0,(anonymous_1)
FNDA:0,(anonymous_2)
FNDA:0,(anonymous_3)
FNDA:0,(anonymous_4)
FNDA:0,(anonymous_5)
FNDA:0,(anonymous_6)
FNDA:0,(anonymous_7)
DA:18,0
DA:19,0
DA:20,0
DA:21,0
DA:22,0
DA:24,0
DA:25,0
DA:28,0
DA:29,0
DA:30,0
DA:31,0
DA:32,0
DA:33,0
DA:34,0
DA:37,0
DA:41,0
DA:42,0
DA:43,0
DA:45,0
DA:49,0
DA:50,0
DA:51,0
DA:52,0
DA:53,0
DA:54,0
DA:56,0
DA:60,0
DA:61,0
DA:62,0
DA:63,0
DA:64,0
DA:65,0
DA:67,0
DA:71,0
DA:72,0
DA:75,0
DA:86,0
DA:107,1
LF:38
LH:1
BRDA:31,0,0,0
BRDA:31,0,1,0
BRDA:50,1,0,0
BRDA:50,1,1,0
BRDA:78,2,0,0
BRDA:78,2,1,0
BRDA:79,3,0,0
BRDA:79,3,1,0
BRDA:93,4,0,0
BRDA:93,4,1,0
BRF:10
BRH:0
end_of_record
TN:
SF:app\pubnav\pubespece.tsx
FN:20,PubEspece
FN:31,(anonymous_1)
FN:32,(anonymous_2)
FN:35,(anonymous_3)
FN:36,(anonymous_4)
FN:41,(anonymous_5)
FN:42,(anonymous_6)
FN:46,(anonymous_7)
FN:47,(anonymous_8)
FN:56,(anonymous_9)
FN:57,(anonymous_10)
FN:58,(anonymous_11)
FN:73,(anonymous_12)
FN:75,(anonymous_13)
FN:95,(anonymous_14)
FN:97,(anonymous_15)
FN:107,(anonymous_16)
FN:111,(anonymous_17)
FN:123,(anonymous_18)
FN:127,(anonymous_19)
FN:140,(anonymous_20)
FNF:21
FNH:0
FNDA:0,PubEspece
FNDA:0,(anonymous_1)
FNDA:0,(anonymous_2)
FNDA:0,(anonymous_3)
FNDA:0,(anonymous_4)
FNDA:0,(anonymous_5)
FNDA:0,(anonymous_6)
FNDA:0,(anonymous_7)
FNDA:0,(anonymous_8)
FNDA:0,(anonymous_9)
FNDA:0,(anonymous_10)
FNDA:0,(anonymous_11)
FNDA:0,(anonymous_12)
FNDA:0,(anonymous_13)
FNDA:0,(anonymous_14)
FNDA:0,(anonymous_15)
FNDA:0,(anonymous_16)
FNDA:0,(anonymous_17)
FNDA:0,(anonymous_18)
FNDA:0,(anonymous_19)
FNDA:0,(anonymous_20)
DA:21,0
DA:22,0
DA:23,0
DA:24,0
DA:25,0
DA:26,0
DA:27,0
DA:28,0
DA:29,0
DA:31,0
DA:32,0
DA:35,0
DA:36,0
DA:37,0
DA:38,0
DA:41,0
DA:42,0
DA:43,0
DA:44,0
DA:45,0
DA:46,0
DA:47,0
DA:56,0
DA:58,0
DA:61,0
DA:62,0
DA:63,0
DA:65,0
DA:66,0
DA:70,0
DA:73,0
DA:74,0
DA:75,0
DA:76,0
DA:78,0
DA:82,0
DA:83,0
DA:86,0
DA:87,0
DA:90,0
DA:95,0
DA:98,0
DA:107,0
DA:111,0
DA:123,0
DA:127,0
DA:140,0
DA:154,1
LF:48
LH:1
BRDA:32,0,0,0
BRDA:32,0,1,0
BRDA:46,1,0,0
BRDA:46,1,1,0
BRDA:48,2,0,0
BRDA:48,2,1,0
BRDA:49,3,0,0
BRDA:49,3,1,0
BRDA:50,4,0,0
BRDA:50,4,1,0
BRDA:51,5,0,0
BRDA:51,5,1,0
BRDA:52,6,0,0
BRDA:52,6,1,0
BRDA:53,7,0,0
BRDA:53,7,1,0
BRDA:74,8,0,0
BRDA:74,8,1,0
BRDA:82,9,0,0
BRDA:82,9,1,0
BRDA:86,10,0,0
BRDA:86,10,1,0
BRDA:99,11,0,0
BRDA:99,11,1,0
BRDA:106,12,0,0
BRDA:106,12,1,0
BRDA:128,13,0,0
BRDA:128,13,1,0
BRF:28
BRH:0
end_of_record
TN:
SF:app\pubnav\publoca.tsx
FN:28,PubLoca
FN:43,(anonymous_1)
FN:47,(anonymous_2)
FN:62,(anonymous_3)
FN:71,(anonymous_4)
FN:82,(anonymous_5)
FN:96,(anonymous_6)
FN:103,(anonymous_7)
FN:141,(anonymous_8)
FN:146,(anonymous_9)
FN:151,(anonymous_10)
FN:200,(anonymous_11)
FN:210,(anonymous_12)
FN:211,(anonymous_13)
FN:212,(anonymous_14)
FN:221,(anonymous_15)
FNF:16
FNH:0
FNDA:0,PubLoca
FNDA:0,(anonymous_1)
FNDA:0,(anonymous_2)
FNDA:0,(anonymous_3)
FNDA:0,(anonymous_4)
FNDA:0,(anonymous_5)
FNDA:0,(anonymous_6)
FNDA:0,(anonymous_7)
FNDA:0,(anonymous_8)
FNDA:0,(anonymous_9)
FNDA:0,(anonymous_10)
FNDA:0,(anonymous_11)
FNDA:0,(anonymous_12)
FNDA:0,(anonymous_13)
FNDA:0,(anonymous_14)
FNDA:0,(anonymous_15)
DA:29,0
DA:30,0
DA:31,0
DA:32,0
DA:33,0
DA:34,0
DA:38,0
DA:39,0
DA:40,0
DA:41,0
DA:43,0
DA:44,0
DA:47,0
DA:48,0
DA:49,0
DA:50,0
DA:51,0
DA:52,0
DA:53,0
DA:54,0
DA:55,0
DA:58,0
DA:62,0
DA:63,0
DA:64,0
DA:65,0
DA:67,0
DA:71,0
DA:72,0
DA:73,0
DA:74,0
DA:75,0
DA:76,0
DA:78,0
DA:82,0
DA:83,0
DA:84,0
DA:85,0
DA:86,0
DA:87,0
DA:88,0
DA:89,0
DA:92,0
DA:96,0
DA:97,0
DA:98,0
DA:99,0
DA:103,0
DA:104,0
DA:105,0
DA:106,0
DA:107,0
DA:108,0
DA:109,0
DA:112,0
DA:113,0
DA:114,0
DA:119,0
DA:120,0
DA:121,0
DA:122,0
DA:123,0
DA:124,0
DA:125,0
DA:127,0
DA:128,0
DA:129,0
DA:132,0
DA:133,0
DA:134,0
DA:135,0
DA:136,0
DA:138,0
DA:141,0
DA:142,0
DA:143,0
DA:146,0
DA:147,0
DA:148,0
DA:151,0
DA:152,0
DA:153,0
DA:158,0
DA:159,0
DA:160,0
DA:163,0
DA:164,0
DA:165,0
DA:168,0
DA:169,0
DA:170,0
DA:171,0
DA:174,0
DA:201,0
DA:202,0
DA:210,0
DA:212,0
DA:222,0
DA:223,0
DA:254,1
LF:100
LH:1
BRDA:51,0,0,0
BRDA:51,0,1,0
BRDA:51,1,0,0
BRDA:51,1,1,0
BRDA:72,2,0,0
BRDA:72,2,1,0
BRDA:72,3,0,0
BRDA:72,3,1,0
BRDA:84,4,0,0
BRDA:84,4,1,0
BRDA:98,5,0,0
BRDA:98,5,1,0
BRDA:106,6,0,0
BRDA:106,6,1,0
BRDA:120,7,0,0
BRDA:120,7,1,0
BRDA:127,8,0,0
BRDA:127,8,1,0
BRDA:163,9,0,0
BRDA:163,9,1,0
BRDA:177,10,0,0
BRDA:177,10,1,0
BRDA:179,11,0,0
BRDA:179,11,1,0
BRDA:180,12,0,0
BRDA:180,12,1,0
BRDA:182,13,0,0
BRDA:182,13,1,0
BRDA:194,14,0,0
BRDA:194,14,1,0
BRF:30
BRH:0
end_of_record
TN:
SF:app\pubnav\pubphoto.tsx
FN:19,PubPhoto
FN:26,(anonymous_1)
FN:27,(anonymous_2)
FN:43,(anonymous_3)
FN:88,(anonymous_4)
FN:98,(anonymous_5)
FN:105,(anonymous_6)
FN:126,(anonymous_7)
FN:145,(anonymous_8)
FN:156,(anonymous_9)
FNF:10
FNH:0
FNDA:0,PubPhoto
FNDA:0,(anonymous_1)
FNDA:0,(anonymous_2)
FNDA:0,(anonymous_3)
FNDA:0,(anonymous_4)
FNDA:0,(anonymous_5)
FNDA:0,(anonymous_6)
FNDA:0,(anonymous_7)
FNDA:0,(anonymous_8)
FNDA:0,(anonymous_9)
DA:20,0
DA:21,0
DA:22,0
DA:23,0
DA:24,0
DA:26,0
DA:27,0
DA:28,0
DA:29,0
DA:30,0
DA:32,0
DA:33,0
DA:34,0
DA:35,0
DA:37,0
DA:38,0
DA:43,0
DA:44,0
DA:45,0
DA:46,0
DA:47,0
DA:53,0
DA:54,0
DA:61,0
DA:62,0
DA:64,0
DA:65,0
DA:66,0
DA:68,0
DA:72,0
DA:73,0
DA:74,0
DA:75,0
DA:78,0
DA:79,0
DA:81,0
DA:84,0
DA:88,0
DA:89,0
DA:90,0
DA:91,0
DA:92,0
DA:94,0
DA:98,0
DA:99,0
DA:106,0
DA:107,0
DA:108,0
DA:114,0
DA:115,0
DA:116,0
DA:117,0
DA:120,0
DA:127,0
DA:133,0
DA:134,0
DA:135,0
DA:136,0
DA:145,0
DA:146,0
DA:147,0
DA:148,0
DA:149,0
DA:150,0
DA:152,0
DA:156,0
DA:157,0
DA:158,0
DA:160,0
DA:168,0
DA:194,1
LF:71
LH:1
BRDA:29,0,0,0
BRDA:29,0,1,0
BRDA:34,1,0,0
BRDA:34,1,1,0
BRDA:37,2,0,0
BRDA:37,2,1,0
BRDA:45,3,0,0
BRDA:45,3,1,0
BRDA:64,4,0,0
BRDA:64,4,1,0
BRDA:65,5,0,0
BRDA:65,5,1,0
BRDA:74,6,0,0
BRDA:74,6,1,0
BRDA:89,7,0,0
BRDA:89,7,1,0
BRDA:90,8,0,0
BRDA:90,8,1,0
BRDA:91,9,0,0
BRDA:91,9,1,0
BRDA:92,10,0,0
BRDA:92,10,1,0
BRDA:107,11,0,0
BRDA:107,11,1,0
BRDA:114,12,0,0
BRDA:114,12,1,0
BRDA:133,13,0,0
BRDA:133,13,1,0
BRDA:146,14,0,0
BRDA:146,14,1,0
BRDA:146,15,0,0
BRDA:146,15,1,0
BRDA:157,16,0,0
BRDA:157,16,1,0
BRDA:170,17,0,0
BRDA:170,17,1,0
BRDA:183,18,0,0
BRDA:183,18,1,0
BRF:38
BRH:0
end_of_record
TN:
SF:app\pubnav\pubtitre.tsx
FN:17,(anonymous_0)
FN:24,(anonymous_1)
FN:28,(anonymous_2)
FN:41,(anonymous_3)
FN:49,(anonymous_4)
FN:60,(anonymous_5)
FN:71,(anonymous_6)
FN:84,(anonymous_7)
FNF:8
FNH:6
FNDA:14,(anonymous_0)
FNDA:4,(anonymous_1)
FNDA:4,(anonymous_2)
FNDA:0,(anonymous_3)
FNDA:1,(anonymous_4)
FNDA:1,(anonymous_5)
FNDA:0,(anonymous_6)
FNDA:1,(anonymous_7)
DA:17,2
DA:18,14
DA:19,14
DA:20,14
DA:21,14
DA:22,14
DA:24,14
DA:25,4
DA:28,14
DA:29,4
DA:30,4
DA:31,4
DA:32,2
DA:33,2
DA:34,2
DA:37,0
DA:41,14
DA:42,0
DA:43,0
DA:45,0
DA:49,14
DA:50,1
DA:51,0
DA:52,0
DA:53,0
DA:54,0
DA:56,1
DA:60,14
DA:61,1
DA:62,1
DA:63,1
DA:64,1
DA:65,1
DA:67,0
DA:71,14
DA:72,0
DA:75,14
DA:84,1
DA:104,2
LF:39
LH:29
BRDA:31,0,0,2
BRDA:31,0,1,2
BRDA:50,1,0,0
BRDA:50,1,1,1
BRDA:77,2,0,5
BRDA:77,2,1,9
BRDA:78,3,0,14
BRDA:78,3,1,10
BRDA:91,4,0,14
BRDA:91,4,1,4
BRF:10
BRH:9
end_of_record
TN:
SF:assets\images\Arosaje.png
FNF:0
FNH:0
DA:1,1
LF:1
LH:1
BRF:0
BRH:0
end_of_record
TN:
SF:assets\images\deco.png
FNF:0
FNH:0
DA:1,2
LF:1
LH:1
BRF:0
BRH:0
end_of_record
TN:
SF:components\BigButtonDown.tsx
FN:6,(anonymous_0)
FNF:1
FNH:1
FNDA:41,(anonymous_0)
DA:4,8
DA:6,8
DA:7,41
DA:20,8
LF:4
LH:4
BRDA:9,0,0,41
BRDA:9,0,1,41
BRF:2
BRH:2
end_of_record
TN:
SF:components\HeaderTitle.tsx
FN:4,(anonymous_0)
FNF:1
FNH:1
FNDA:9,(anonymous_0)
DA:4,3
DA:5,9
DA:12,3
LF:3
LH:3
BRF:0
BRH:0
end_of_record
TN:
SF:components\ListDash.tsx
FN:5,(anonymous_0)
FNF:1
FNH:1
FNDA:97,(anonymous_0)
DA:5,2
DA:6,97
DA:16,2
LF:3
LH:3
BRF:0
BRH:0
end_of_record
TN:
SF:components\Loading.tsx
FN:4,(anonymous_0)
FNF:1
FNH:1
FNDA:1,(anonymous_0)
DA:4,4
DA:5,1
DA:10,4
LF:3
LH:3
BRF:0
BRH:0
end_of_record
TN:
SF:components\OpenLayersMap.tsx
FN:11,(anonymous_0)
FN:121,(anonymous_1)
FNF:2
FNH:2
FNDA:3,(anonymous_0)
FNDA:2,(anonymous_1)
DA:11,2
DA:12,3
DA:14,3
DA:116,3
DA:122,2
DA:123,2
DA:124,2
DA:125,2
LF:8
LH:8
BRDA:124,0,0,2
BRDA:124,0,1,0
BRF:2
BRH:1
end_of_record
